info: ::1 - - [27/Dec/2023:04:21:43 +0000] "POST /api/v1/user/login HTTP/1.1" 201 210 "-" "PostmanRuntime/7.36.0"

info: ::1 - - [27/Dec/2023:04:22:17 +0000] "GET /api/v1/note HTTP/1.1" 200 1009 "-" "PostmanRuntime/7.36.0"

info: ::1 - - [27/Dec/2023:04:30:11 +0000] "POST /api/v1/note HTTP/1.1" 201 255 "-" "PostmanRuntime/7.36.0"

info: ::1 - - [27/Dec/2023:04:31:18 +0000] "PUT /api/v1/note/658ba85332f0631cbdf58fe8/archive HTTP/1.1" 200 254 "-" "PostmanRuntime/7.36.0"

info: ::1 - - [27/Dec/2023:04:31:20 +0000] "PUT /api/v1/note/658ba85332f0631cbdf58fe8/archive HTTP/1.1" 200 255 "-" "PostmanRuntime/7.36.0"

info: ::1 - - [27/Dec/2023:04:31:21 +0000] "PUT /api/v1/note/658ba85332f0631cbdf58fe8/archive HTTP/1.1" 200 254 "-" "PostmanRuntime/7.36.0"

info: ::1 - - [27/Dec/2023:04:31:22 +0000] "PUT /api/v1/note/658ba85332f0631cbdf58fe8/archive HTTP/1.1" 200 255 "-" "PostmanRuntime/7.36.0"

info: ::1 - - [27/Dec/2023:04:33:24 +0000] "PUT /api/v1/note/658ba85332f0631cbdf58fe8/trash HTTP/1.1" 200 254 "-" "PostmanRuntime/7.36.0"

info: ::1 - - [27/Dec/2023:04:33:25 +0000] "PUT /api/v1/note/658ba85332f0631cbdf58fe8/trash HTTP/1.1" 200 255 "-" "PostmanRuntime/7.36.0"

info: ::1 - - [27/Dec/2023:04:33:26 +0000] "PUT /api/v1/note/658ba85332f0631cbdf58fe8/trash HTTP/1.1" 200 254 "-" "PostmanRuntime/7.36.0"

info: ::1 - - [27/Dec/2023:04:33:27 +0000] "PUT /api/v1/note/658ba85332f0631cbdf58fe8/trash HTTP/1.1" 200 255 "-" "PostmanRuntime/7.36.0"

info: ::1 - - [27/Dec/2023:04:33:28 +0000] "PUT /api/v1/note/658ba85332f0631cbdf58fe8/trash HTTP/1.1" 200 254 "-" "PostmanRuntime/7.36.0"

info: ::1 - - [27/Dec/2023:04:33:31 +0000] "PUT /api/v1/note/658ba85332f0631cbdf58fe8/trash HTTP/1.1" 200 255 "-" "PostmanRuntime/7.36.0"

info: ::1 - - [27/Dec/2023:04:33:31 +0000] "PUT /api/v1/note/658ba85332f0631cbdf58fe8/trash HTTP/1.1" 200 254 "-" "PostmanRuntime/7.36.0"

info: ::1 - - [27/Dec/2023:04:33:34 +0000] "PUT /api/v1/note/658ba85332f0631cbdf58fe8/trash HTTP/1.1" 200 255 "-" "PostmanRuntime/7.36.0"

info: ::1 - - [27/Dec/2023:04:34:14 +0000] "PUT /api/v1/note/658ba85332f0631cbdf58e8/trash HTTP/1.1" 500 122 "-" "PostmanRuntime/7.36.0"

info: ::1 - - [27/Dec/2023:04:34:35 +0000] "PUT /api/v1/note/658ba85332f0631cbdf58fe8/trash HTTP/1.1" 200 254 "-" "PostmanRuntime/7.36.0"

info: ::1 - - [27/Dec/2023:04:34:38 +0000] "PUT /api/v1/note/658ba85332f0631cbdf58fe8/trash HTTP/1.1" 200 255 "-" "PostmanRuntime/7.36.0"

info: ::1 - - [27/Dec/2023:04:34:51 +0000] "PUT /api/v1/note/658ba85332f0631cbdf58fe/trash HTTP/1.1" 500 122 "-" "PostmanRuntime/7.36.0"

info: ::1 - - [27/Dec/2023:04:35:57 +0000] "GET /api/v1/note HTTP/1.1" 200 1265 "-" "PostmanRuntime/7.36.0"

info: ::1 - - [27/Dec/2023:05:54:15 +0000] "PUT /api/v1/user/forgotpassword HTTP/1.1" 200 66 "-" "PostmanRuntime/7.36.0"

info: ::1 - - [27/Dec/2023:05:54:57 +0000] "PUT /api/v1/user/resetpassword HTTP/1.1" 400 70 "-" "PostmanRuntime/7.36.0"

info: ::1 - - [27/Dec/2023:06:11:08 +0000] "PUT /api/v1/user/resetpassword HTTP/1.1" 401 26 "-" "PostmanRuntime/7.36.0"

info: ::1 - - [27/Dec/2023:06:13:19 +0000] "PUT /api/v1/user/forgotpassword HTTP/1.1" 200 66 "-" "PostmanRuntime/7.36.0"

info: ::1 - - [27/Dec/2023:06:13:45 +0000] "PUT /api/v1/user/resetpassword HTTP/1.1" 400 32 "-" "PostmanRuntime/7.36.0"

info: ::1 - - [27/Dec/2023:06:18:18 +0000] "PUT /api/v1/user/resetpassword HTTP/1.1" 400 32 "-" "PostmanRuntime/7.36.0"

info: ::1 - - [27/Dec/2023:06:19:53 +0000] "PUT /api/v1/user/resetpassword HTTP/1.1" 400 25 "-" "PostmanRuntime/7.36.0"

info: ::1 - - [27/Dec/2023:06:23:13 +0000] "PUT /api/v1/user/resetpassword HTTP/1.1" 400 38 "-" "PostmanRuntime/7.36.0"

info: ::1 - - [27/Dec/2023:06:23:39 +0000] "PUT /api/v1/user/resetpassword HTTP/1.1" 400 38 "-" "PostmanRuntime/7.36.0"

info: ::1 - - [27/Dec/2023:06:23:46 +0000] "PUT /api/v1/user/resetpassword HTTP/1.1" 400 38 "-" "PostmanRuntime/7.36.0"

info: ::1 - - [27/Dec/2023:06:24:00 +0000] "PUT /api/v1/user/resetpassword HTTP/1.1" 400 38 "-" "PostmanRuntime/7.36.0"

info: ::1 - - [27/Dec/2023:06:24:30 +0000] "PUT /api/v1/user/resetpassword HTTP/1.1" 200 41 "-" "PostmanRuntime/7.36.0"

info: ::1 - - [27/Dec/2023:06:26:27 +0000] "PUT /api/v1/user/resetpassword HTTP/1.1" 200 41 "-" "PostmanRuntime/7.36.0"

info: ::1 - - [27/Dec/2023:06:26:35 +0000] "PUT /api/v1/user/resetpassword HTTP/1.1" 401 26 "-" "PostmanRuntime/7.36.0"

info: ::1 - - [27/Dec/2023:06:26:41 +0000] "PUT /api/v1/user/resetpassword HTTP/1.1" 200 41 "-" "PostmanRuntime/7.36.0"

