info: ::1 - - [25/Dec/2023:03:26:27 +0000] "GET /api/v1/notes HTTP/1.1" 404 47 "-" "PostmanRuntime/7.36.0"

info: ::1 - - [25/Dec/2023:03:26:33 +0000] "GET /api/v1/note HTTP/1.1" 200 666 "-" "PostmanRuntime/7.36.0"

info: ::1 - - [25/Dec/2023:03:26:47 +0000] "GET /api/v1/user/login HTTP/1.1" 404 47 "-" "PostmanRuntime/7.36.0"

info: ::1 - - [25/Dec/2023:03:26:53 +0000] "GET /api/v1/users/login HTTP/1.1" 404 47 "-" "PostmanRuntime/7.36.0"

info: ::1 - - [25/Dec/2023:03:27:03 +0000] "POST /api/v1/user/login HTTP/1.1" 400 39 "-" "PostmanRuntime/7.36.0"

info: ::1 - - [25/Dec/2023:03:27:41 +0000] "POST /api/v1/user/login HTTP/1.1" 201 205 "-" "PostmanRuntime/7.36.0"

info: ::1 - - [25/Dec/2023:03:29:08 +0000] "POST /api/v1/note HTTP/1.1" 500 26 "-" "PostmanRuntime/7.36.0"

info: ::1 - - [25/Dec/2023:03:30:24 +0000] "POST /api/v1/note HTTP/1.1" 500 26 "-" "PostmanRuntime/7.36.0"

info: ::1 - - [25/Dec/2023:03:30:25 +0000] "POST /api/v1/note HTTP/1.1" 500 26 "-" "PostmanRuntime/7.36.0"

info: ::1 - - [25/Dec/2023:03:30:58 +0000] "POST /api/v1/note HTTP/1.1" 500 26 "-" "PostmanRuntime/7.36.0"

info: ::1 - - [25/Dec/2023:03:31:53 +0000] "POST /api/v1/note HTTP/1.1" 500 26 "-" "PostmanRuntime/7.36.0"

info: ::1 - - [25/Dec/2023:03:32:22 +0000] "POST /api/v1/note HTTP/1.1" 500 117 "-" "PostmanRuntime/7.36.0"

info: ::1 - - [25/Dec/2023:03:33:02 +0000] "POST /api/v1/note HTTP/1.1" 500 26 "-" "PostmanRuntime/7.36.0"

info: ::1 - - [25/Dec/2023:03:33:03 +0000] "POST /api/v1/note HTTP/1.1" 500 26 "-" "PostmanRuntime/7.36.0"

info: ::1 - - [25/Dec/2023:03:34:06 +0000] "POST /api/v1/note HTTP/1.1" 500 26 "-" "PostmanRuntime/7.36.0"

info: ::1 - - [25/Dec/2023:03:34:07 +0000] "POST /api/v1/note HTTP/1.1" 500 26 "-" "PostmanRuntime/7.36.0"

info: ::1 - - [25/Dec/2023:04:05:56 +0000] "POST /api/v1/user/login HTTP/1.1" 201 210 "-" "PostmanRuntime/7.36.0"

info: ::1 - - [25/Dec/2023:04:07:16 +0000] "POST /api/v1/note HTTP/1.1" 500 70 "-" "PostmanRuntime/7.36.0"

info: ::1 - - [25/Dec/2023:04:07:35 +0000] "POST /api/v1/note HTTP/1.1" 201 111 "-" "PostmanRuntime/7.36.0"

info: ::1 - - [25/Dec/2023:04:08:48 +0000] "POST /api/v1/note HTTP/1.1" 201 111 "-" "PostmanRuntime/7.36.0"

info: ::1 - - [25/Dec/2023:04:09:55 +0000] "POST /api/v1/note HTTP/1.1" 500 70 "-" "PostmanRuntime/7.36.0"

info: ::1 - - [25/Dec/2023:04:10:18 +0000] "GET /api/v1/note HTTP/1.1" 200 666 "-" "PostmanRuntime/7.36.0"

info: ::1 - - [25/Dec/2023:04:10:36 +0000] "POST /api/v1/note/65885d41d6a4289f1c5d4142 HTTP/1.1" 404 47 "-" "PostmanRuntime/7.36.0"

info: ::1 - - [25/Dec/2023:04:10:55 +0000] "PUT /api/v1/note/65885d41d6a4289f1c5d4142 HTTP/1.1" 200 223 "-" "PostmanRuntime/7.36.0"

info: ::1 - - [25/Dec/2023:04:11:12 +0000] "GET /api/v1/note HTTP/1.1" 200 668 "-" "PostmanRuntime/7.36.0"

info: ::1 - - [25/Dec/2023:04:11:33 +0000] "DELETE /api/v1/note/65885d41d6a4289f1c5d4142 HTTP/1.1" 404 26 "-" "PostmanRuntime/7.36.0"

info: ::1 - - [25/Dec/2023:04:12:06 +0000] "DELETE /api/v1/note/65885d41d6a4289f1c5d4142 HTTP/1.1" 404 26 "-" "PostmanRuntime/7.36.0"

info: ::1 - - [25/Dec/2023:04:12:26 +0000] "DELETE /api/v1/note/65885d41d6a4289f1c5d4142 HTTP/1.1" 404 26 "-" "PostmanRuntime/7.36.0"

info: ::1 - - [25/Dec/2023:04:12:28 +0000] "DELETE /api/v1/note/65885d41d6a4289f1c5d4142 HTTP/1.1" 404 26 "-" "PostmanRuntime/7.36.0"

info: ::1 - - [25/Dec/2023:04:13:02 +0000] "DELETE /api/v1/note/65885d41d6a4289f1c5d4142 HTTP/1.1" 200 223 "-" "PostmanRuntime/7.36.0"

info: ::1 - - [25/Dec/2023:04:16:08 +0000] "POST /api/v1/note HTTP/1.1" 500 26 "-" "PostmanRuntime/7.36.0"

info: ::1 - - [25/Dec/2023:04:16:40 +0000] "POST /api/v1/note HTTP/1.1" 500 70 "-" "PostmanRuntime/7.36.0"

info: ::1 - - [25/Dec/2023:04:18:17 +0000] "POST /api/v1/note HTTP/1.1" 201 140 "-" "PostmanRuntime/7.36.0"

info: ::1 - - [25/Dec/2023:04:34:10 +0000] "GET /api/v1/note HTTP/1.1" 200 585 "-" "PostmanRuntime/7.36.0"

