info: ::1 - - [26/Dec/2023:03:53:39 +0000] "GET /api/v1/note HTTP/1.1" 200 373 "-" "PostmanRuntime/7.36.0"

info: ::1 - - [26/Dec/2023:03:53:47 +0000] "GET /api/v1/note HTTP/1.1" 200 373 "-" "PostmanRuntime/7.36.0"

info: ::1 - - [26/Dec/2023:03:54:10 +0000] "GET /api/v1/note HTTP/1.1" 200 373 "-" "PostmanRuntime/7.36.0"

info: ::1 - - [26/Dec/2023:03:54:12 +0000] "GET /api/v1/note HTTP/1.1" 200 373 "-" "PostmanRuntime/7.36.0"

info: ::1 - - [26/Dec/2023:03:54:59 +0000] "GET /api/v1/note/65890d854a9ff283c85fea5 HTTP/1.1" 204 - "-" "PostmanRuntime/7.36.0"

info: ::1 - - [26/Dec/2023:03:55:07 +0000] "GET /api/v1/note/65890d854a9ff283c85fea5 HTTP/1.1" 204 - "-" "PostmanRuntime/7.36.0"

info: ::1 - - [26/Dec/2023:03:55:12 +0000] "GET /api/v1/note/65890d854a9ff283c85fea5b HTTP/1.1" 200 149 "-" "PostmanRuntime/7.36.0"

info: ::1 - - [26/Dec/2023:03:55:21 +0000] "GET /api/v1/note/65890d854a9ff283c85fea5 HTTP/1.1" 204 - "-" "PostmanRuntime/7.36.0"

info: ::1 - - [26/Dec/2023:03:56:25 +0000] "GET /api/v1/note/65890d854a9ff283c85fea5 HTTP/1.1" 204 - "-" "PostmanRuntime/7.36.0"

info: ::1 - - [26/Dec/2023:03:56:36 +0000] "GET /api/v1/note HTTP/1.1" 200 373 "-" "PostmanRuntime/7.36.0"

info: ::1 - - [26/Dec/2023:03:58:25 +0000] "POST /api/v1/note HTTP/1.1" 201 140 "-" "PostmanRuntime/7.36.0"

info: ::1 - - [26/Dec/2023:03:59:28 +0000] "POST /api/v1/note HTTP/1.1" 201 218 "-" "PostmanRuntime/7.36.0"

info: ::1 - - [26/Dec/2023:03:59:34 +0000] "GET /api/v1/note HTTP/1.1" 200 733 "-" "PostmanRuntime/7.36.0"

info: ::1 - - [26/Dec/2023:03:59:52 +0000] "DELETE /api/v1/note/658a4f61052dd237519b4f29 HTTP/1.1" 200 181 "-" "PostmanRuntime/7.36.0"

info: ::1 - - [26/Dec/2023:04:00:01 +0000] "GET /api/v1/note HTTP/1.1" 200 592 "-" "PostmanRuntime/7.36.0"

info: ::1 - - [26/Dec/2023:04:02:47 +0000] "POST /api/v1/user/login HTTP/1.1" 400 39 "-" "PostmanRuntime/7.36.0"

info: ::1 - - [26/Dec/2023:04:02:56 +0000] "POST /api/v1/user/login HTTP/1.1" 201 210 "-" "PostmanRuntime/7.36.0"

info: ::1 - - [26/Dec/2023:04:03:24 +0000] "GET /api/v1/note HTTP/1.1" 200 363 "-" "PostmanRuntime/7.36.0"

info: ::1 - - [26/Dec/2023:04:03:59 +0000] "DELETE /api/v1/note/65890289a9e4ab809c3faee HTTP/1.1" 204 - "-" "PostmanRuntime/7.36.0"

info: ::1 - - [26/Dec/2023:04:04:13 +0000] "DELETE /api/v1/note HTTP/1.1" 404 47 "-" "PostmanRuntime/7.36.0"

info: ::1 - - [26/Dec/2023:04:04:19 +0000] "POST /api/v1/note HTTP/1.1" 500 114 "-" "PostmanRuntime/7.36.0"

info: ::1 - - [26/Dec/2023:04:04:29 +0000] "GET /api/v1/note HTTP/1.1" 200 363 "-" "PostmanRuntime/7.36.0"

info: ::1 - - [26/Dec/2023:04:04:57 +0000] "DELETE /api/v1/note/65890289a9e4ab809c3faee8 HTTP/1.1" 200 181 "-" "PostmanRuntime/7.36.0"

info: ::1 - - [26/Dec/2023:04:05:26 +0000] "GET /api/v1/note HTTP/1.1" 200 222 "-" "PostmanRuntime/7.36.0"

info: ::1 - - [26/Dec/2023:04:07:31 +0000] "POST /api/v1/note HTTP/1.1" 201 225 "-" "PostmanRuntime/7.36.0"

info: ::1 - - [26/Dec/2023:04:07:38 +0000] "GET /api/v1/note HTTP/1.1" 200 448 "-" "PostmanRuntime/7.36.0"

info: ::1 - - [26/Dec/2023:04:11:42 +0000] "GET /api/v1/note/658a518308b45f631c2539dc HTTP/1.1" 200 225 "-" "PostmanRuntime/7.36.0"

info: ::1 - - [26/Dec/2023:05:49:00 +0000] "GET /api/v1/user/login HTTP/1.1" 404 47 "-" "PostmanRuntime/7.36.0"

info: ::1 - - [26/Dec/2023:05:49:06 +0000] "POST /api/v1/user/login HTTP/1.1" 201 210 "-" "PostmanRuntime/7.36.0"

info: ::1 - - [26/Dec/2023:05:49:57 +0000] "POST /api/v1/note HTTP/1.1" 201 204 "-" "PostmanRuntime/7.36.0"

info: ::1 - - [26/Dec/2023:05:50:31 +0000] "GET /api/v1/note HTTP/1.1" 200 653 "-" "PostmanRuntime/7.36.0"

info: ::1 - - [26/Dec/2023:05:51:48 +0000] "POST /api/v1/user/signup HTTP/1.1" 201 295 "-" "PostmanRuntime/7.36.0"

info: ::1 - - [26/Dec/2023:05:52:01 +0000] "POST /api/v1/user/login HTTP/1.1" 201 210 "-" "PostmanRuntime/7.36.0"

info: ::1 - - [26/Dec/2023:05:52:20 +0000] "GET /api/v1/note HTTP/1.1" 200 2 "-" "PostmanRuntime/7.36.0"

info: ::1 - - [26/Dec/2023:06:10:41 +0000] "GET /api/v1/note HTTP/1.1" 200 2 "-" "PostmanRuntime/7.36.0"

info: ::1 - - [26/Dec/2023:06:11:11 +0000] "POST /api/v1/user/login HTTP/1.1" 400 39 "-" "PostmanRuntime/7.36.0"

info: ::1 - - [26/Dec/2023:06:11:17 +0000] "POST /api/v1/user/login HTTP/1.1" 201 210 "-" "PostmanRuntime/7.36.0"

info: ::1 - - [26/Dec/2023:06:11:46 +0000] "GET /api/v1/note HTTP/1.1" 200 752 "-" "PostmanRuntime/7.36.0"

info: ::1 - - [26/Dec/2023:06:12:16 +0000] "PUT /api/v1/note/658a6985ff5aea4265dd97d8/archive HTTP/1.1" 404 47 "-" "PostmanRuntime/7.36.0"

info: ::1 - - [26/Dec/2023:06:12:50 +0000] "PUT /api/v1/note/658a6985ff5aea4265dd97d8/archive HTTP/1.1" 200 236 "-" "PostmanRuntime/7.36.0"

info: ::1 - - [26/Dec/2023:06:13:54 +0000] "PUT /api/v1/note/658a6985ff5aea4265dd97d8/trash HTTP/1.1" 200 235 "-" "PostmanRuntime/7.36.0"

info: ::1 - - [26/Dec/2023:06:15:18 +0000] "GET /api/v1/note HTTP/1.1" 200 750 "-" "PostmanRuntime/7.36.0"

info: ::1 - - [26/Dec/2023:06:27:40 +0000] "GET /api/v1/note HTTP/1.1" 200 750 "-" "PostmanRuntime/7.36.0"

info: ::1 - - [26/Dec/2023:06:27:51 +0000] "GET /api/v1/note/65886ee144102d568942e16d HTTP/1.1" 200 253 "-" "PostmanRuntime/7.36.0"

info: ::1 - - [26/Dec/2023:06:32:25 +0000] "GET /api/v1/note HTTP/1.1" 200 750 "-" "PostmanRuntime/7.36.0"

