info: ::ffff:127.0.0.1 - - [31/Dec/2023:03:41:06 +0000] "POST /api/v1/user/signup HTTP/1.1" 201 300 "-" "node-superagent/3.8.3"

info: ::ffff:127.0.0.1 - - [31/Dec/2023:03:41:06 +0000] "POST /api/v1/user/login HTTP/1.1" 201 210 "-" "node-superagent/3.8.3"

info: ::ffff:127.0.0.1 - - [31/Dec/2023:03:41:06 +0000] "POST /api/v1/note HTTP/1.1" 201 262 "-" "node-superagent/3.8.3"

info: ::ffff:127.0.0.1 - - [31/Dec/2023:03:41:06 +0000] "GET /api/v1/note HTTP/1.1" 200 264 "-" "node-superagent/3.8.3"

info: ::ffff:127.0.0.1 - - [31/Dec/2023:03:41:06 +0000] "GET /api/v1/note/6590e2d2abf40752a4e058a0 HTTP/1.1" 200 262 "-" "node-superagent/3.8.3"

info: ::ffff:127.0.0.1 - - [31/Dec/2023:03:41:06 +0000] "PUT /api/v1/note/6590e2d2abf40752a4e058a0 HTTP/1.1" 200 317 "-" "node-superagent/3.8.3"

info: ::ffff:127.0.0.1 - - [31/Dec/2023:03:41:06 +0000] "PUT /api/v1/note/6590e2d2abf40752a4e058a0/archive HTTP/1.1" 200 275 "-" "node-superagent/3.8.3"

info: ::ffff:127.0.0.1 - - [31/Dec/2023:03:41:06 +0000] "PUT /api/v1/note/6590e2d2abf40752a4e058a0/trash HTTP/1.1" 200 274 "-" "node-superagent/3.8.3"

info: ::ffff:127.0.0.1 - - [31/Dec/2023:03:41:06 +0000] "DELETE /api/v1/note/6590e2d2abf40752a4e058a0 HTTP/1.1" 200 315 "-" "node-superagent/3.8.3"

info: ::1 - - [31/Dec/2023:09:28:55 +0000] "POST /api/v1/user/login HTTP/1.1" 201 210 "-" "PostmanRuntime/7.36.0"

info: ::1 - - [31/Dec/2023:09:29:19 +0000] "GET /api/v1/note HTTP/1.1" 500 38 "-" "PostmanRuntime/7.36.0"

info: ::1 - - [31/Dec/2023:09:29:50 +0000] "GET /api/v1/note HTTP/1.1" 500 49 "-" "PostmanRuntime/7.36.0"

info: ::1 - - [31/Dec/2023:09:30:42 +0000] "GET /api/v1/note HTTP/1.1" 200 1506 "-" "PostmanRuntime/7.36.0"

info: ::1 - - [31/Dec/2023:09:30:47 +0000] "GET /api/v1/note HTTP/1.1" 200 4 "-" "PostmanRuntime/7.36.0"

info: ::1 - - [31/Dec/2023:09:30:49 +0000] "GET /api/v1/note HTTP/1.1" 200 4 "-" "PostmanRuntime/7.36.0"

info: ::1 - - [31/Dec/2023:09:31:08 +0000] "GET /api/v1/note HTTP/1.1" 200 4 "-" "PostmanRuntime/7.36.0"

info: ::1 - - [31/Dec/2023:09:31:09 +0000] "GET /api/v1/note HTTP/1.1" 200 4 "-" "PostmanRuntime/7.36.0"

info: ::1 - - [31/Dec/2023:09:31:10 +0000] "GET /api/v1/note HTTP/1.1" 200 4 "-" "PostmanRuntime/7.36.0"

info: ::1 - - [31/Dec/2023:09:31:11 +0000] "GET /api/v1/note HTTP/1.1" 200 4 "-" "PostmanRuntime/7.36.0"

info: ::1 - - [31/Dec/2023:09:31:58 +0000] "GET /api/v1/note HTTP/1.1" 200 6 "-" "PostmanRuntime/7.36.0"

info: ::1 - - [31/Dec/2023:09:31:59 +0000] "GET /api/v1/note HTTP/1.1" 200 6 "-" "PostmanRuntime/7.36.0"

info: ::1 - - [31/Dec/2023:09:32:32 +0000] "POST /api/v1/user/login HTTP/1.1" 201 210 "-" "PostmanRuntime/7.36.0"

info: ::1 - - [31/Dec/2023:09:32:58 +0000] "GET /api/v1/note HTTP/1.1" 200 4 "-" "PostmanRuntime/7.36.0"

info: ::1 - - [31/Dec/2023:09:34:59 +0000] "GET /api/v1/note HTTP/1.1" 200 1506 "-" "PostmanRuntime/7.36.0"

info: ::1 - - [31/Dec/2023:09:35:04 +0000] "GET /api/v1/note HTTP/1.1" 200 1506 "-" "PostmanRuntime/7.36.0"

info: ::1 - - [31/Dec/2023:09:35:05 +0000] "GET /api/v1/note HTTP/1.1" 200 1506 "-" "PostmanRuntime/7.36.0"

info: ::1 - - [31/Dec/2023:09:35:07 +0000] "GET /api/v1/note HTTP/1.1" 200 1506 "-" "PostmanRuntime/7.36.0"

info: ::1 - - [31/Dec/2023:09:35:08 +0000] "GET /api/v1/note HTTP/1.1" 200 1506 "-" "PostmanRuntime/7.36.0"

info: ::1 - - [31/Dec/2023:09:35:09 +0000] "GET /api/v1/note HTTP/1.1" 200 1506 "-" "PostmanRuntime/7.36.0"

info: ::1 - - [31/Dec/2023:09:36:30 +0000] "GET /api/v1/note HTTP/1.1" 200 1506 "-" "PostmanRuntime/7.36.0"

info: ::1 - - [31/Dec/2023:09:36:42 +0000] "GET /api/v1/note HTTP/1.1" 200 1506 "-" "PostmanRuntime/7.36.0"

info: ::1 - - [31/Dec/2023:09:36:43 +0000] "GET /api/v1/note HTTP/1.1" 200 1506 "-" "PostmanRuntime/7.36.0"

info: ::1 - - [31/Dec/2023:09:38:07 +0000] "GET /api/v1/note HTTP/1.1" 200 1506 "-" "PostmanRuntime/7.36.0"

info: ::1 - - [31/Dec/2023:09:42:12 +0000] "GET /api/v1/note/658a6985ff5aea4265dd97d8 HTTP/1.1" 200 239 "-" "PostmanRuntime/7.36.0"

info: ::1 - - [31/Dec/2023:09:42:18 +0000] "GET /api/v1/note/658a6985ff5aea4265dd97d8 HTTP/1.1" 200 239 "-" "PostmanRuntime/7.36.0"

info: ::1 - - [31/Dec/2023:09:42:20 +0000] "GET /api/v1/note/658a6985ff5aea4265dd97d8 HTTP/1.1" 200 239 "-" "PostmanRuntime/7.36.0"

info: ::1 - - [31/Dec/2023:09:42:21 +0000] "GET /api/v1/note/658a6985ff5aea4265dd97d8 HTTP/1.1" 200 239 "-" "PostmanRuntime/7.36.0"

info: ::1 - - [31/Dec/2023:09:42:24 +0000] "GET /api/v1/note/658a6985ff5aea4265dd97d8 HTTP/1.1" 200 239 "-" "PostmanRuntime/7.36.0"

info: ::1 - - [31/Dec/2023:09:52:54 +0000] "GET /api/v1/note/658a6985ff5aea4265dd97d8 HTTP/1.1" 200 239 "-" "PostmanRuntime/7.36.0"

info: ::1 - - [31/Dec/2023:09:52:56 +0000] "GET /api/v1/note/658a6985ff5aea4265dd97d8 HTTP/1.1" 200 239 "-" "PostmanRuntime/7.36.0"

info: ::1 - - [31/Dec/2023:09:53:35 +0000] "GET /api/v1/note/658a6985ff5aea4265dd97d8 HTTP/1.1" 200 239 "-" "PostmanRuntime/7.36.0"

info: ::1 - - [31/Dec/2023:09:53:36 +0000] "GET /api/v1/note/658a6985ff5aea4265dd97d8 HTTP/1.1" 200 239 "-" "PostmanRuntime/7.36.0"

info: ::1 - - [31/Dec/2023:09:54:27 +0000] "GET /api/v1/note HTTP/1.1" 200 1506 "-" "PostmanRuntime/7.36.0"

info: ::1 - - [31/Dec/2023:09:54:31 +0000] "GET /api/v1/note HTTP/1.1" 200 1506 "-" "PostmanRuntime/7.36.0"

info: ::1 - - [31/Dec/2023:09:55:40 +0000] "GET /api/v1/note/658da598a2f30fdf60893efb HTTP/1.1" 200 239 "-" "PostmanRuntime/7.36.0"

info: ::1 - - [31/Dec/2023:09:56:11 +0000] "GET /api/v1/note HTTP/1.1" 200 1506 "-" "PostmanRuntime/7.36.0"

info: ::1 - - [31/Dec/2023:09:57:00 +0000] "GET /api/v1/note/65886a7538284a6535e89a9a HTTP/1.1" 204 - "-" "PostmanRuntime/7.36.0"

info: ::1 - - [31/Dec/2023:09:57:10 +0000] "GET /api/v1/note/65886a7538284a6535e89a9a HTTP/1.1" 204 - "-" "PostmanRuntime/7.36.0"

info: ::1 - - [31/Dec/2023:09:57:12 +0000] "GET /api/v1/note/65886a7538284a6535e89a9a HTTP/1.1" 204 - "-" "PostmanRuntime/7.36.0"

info: ::1 - - [31/Dec/2023:09:57:13 +0000] "GET /api/v1/note/65886a7538284a6535e89a9a HTTP/1.1" 204 - "-" "PostmanRuntime/7.36.0"

info: ::1 - - [31/Dec/2023:09:57:33 +0000] "GET /api/v1/note/65890d854a9ff283c85fea5b HTTP/1.1" 204 - "-" "PostmanRuntime/7.36.0"

info: ::1 - - [31/Dec/2023:09:58:46 +0000] "GET /api/v1/note/65890d854a9ff283c85fea5b HTTP/1.1" 204 - "-" "PostmanRuntime/7.36.0"

info: ::1 - - [31/Dec/2023:09:58:48 +0000] "GET /api/v1/note/65890d854a9ff283c85fea5b HTTP/1.1" 204 - "-" "PostmanRuntime/7.36.0"

info: ::1 - - [31/Dec/2023:09:59:18 +0000] "GET /api/v1/note/658a6985ff5aea4265dd97d8 HTTP/1.1" 204 - "-" "PostmanRuntime/7.36.0"

info: ::1 - - [31/Dec/2023:09:59:52 +0000] "GET /api/v1/note/658a6985ff5aea4265dd97d8 HTTP/1.1" 204 - "-" "PostmanRuntime/7.36.0"

info: ::1 - - [31/Dec/2023:10:00:00 +0000] "GET /api/v1/note HTTP/1.1" 200 1506 "-" "PostmanRuntime/7.36.0"

info: ::1 - - [31/Dec/2023:10:00:34 +0000] "GET /api/v1/note/658a6985ff5aea4265dd97d8 HTTP/1.1" 204 - "-" "PostmanRuntime/7.36.0"

info: ::1 - - [31/Dec/2023:10:01:11 +0000] "GET /api/v1/note/658a6985ff5aea4265dd97d8 HTTP/1.1" 204 - "-" "PostmanRuntime/7.36.0"

info: ::1 - - [31/Dec/2023:10:01:13 +0000] "GET /api/v1/note/658a6985ff5aea4265dd97d8 HTTP/1.1" 204 - "-" "PostmanRuntime/7.36.0"

info: ::1 - - [31/Dec/2023:10:01:33 +0000] "GET /api/v1/note/658a6985ff5aea4265dd97d8 HTTP/1.1" 204 - "-" "PostmanRuntime/7.36.0"

info: ::1 - - [31/Dec/2023:10:02:36 +0000] "PUT /api/v1/note/658a6985ff5aea4265dd97d8/archive HTTP/1.1" 200 238 "-" "PostmanRuntime/7.36.0"

info: ::1 - - [31/Dec/2023:10:02:39 +0000] "PUT /api/v1/note/658a6985ff5aea4265dd97d8/archive HTTP/1.1" 200 239 "-" "PostmanRuntime/7.36.0"

info: ::1 - - [31/Dec/2023:10:02:57 +0000] "PUT /api/v1/note/658a6985ff5aea4265dd97d8/trash HTTP/1.1" 200 240 "-" "PostmanRuntime/7.36.0"

info: ::1 - - [31/Dec/2023:10:03:10 +0000] "GET /api/v1/note/658a6985ff5aea4265dd97d8 HTTP/1.1" 204 - "-" "PostmanRuntime/7.36.0"

info: ::1 - - [31/Dec/2023:10:04:56 +0000] "GET /api/v1/note/658a6985ff5aea4265dd97d8 HTTP/1.1" 204 - "-" "PostmanRuntime/7.36.0"

info: ::1 - - [31/Dec/2023:10:07:27 +0000] "GET /api/v1/note/658a6985ff5aea4265dd97d8 HTTP/1.1" 200 240 "-" "PostmanRuntime/7.36.0"

info: ::1 - - [31/Dec/2023:10:07:30 +0000] "GET /api/v1/note/658a6985ff5aea4265dd97d8 HTTP/1.1" 200 240 "-" "PostmanRuntime/7.36.0"

info: ::1 - - [31/Dec/2023:10:07:31 +0000] "GET /api/v1/note/658a6985ff5aea4265dd97d8 HTTP/1.1" 200 240 "-" "PostmanRuntime/7.36.0"

info: ::1 - - [31/Dec/2023:10:07:33 +0000] "GET /api/v1/note/658a6985ff5aea4265dd97d8 HTTP/1.1" 200 240 "-" "PostmanRuntime/7.36.0"

info: ::1 - - [31/Dec/2023:10:07:34 +0000] "GET /api/v1/note/658a6985ff5aea4265dd97d8 HTTP/1.1" 200 240 "-" "PostmanRuntime/7.36.0"

info: ::1 - - [31/Dec/2023:10:07:35 +0000] "GET /api/v1/note/658a6985ff5aea4265dd97d8 HTTP/1.1" 200 240 "-" "PostmanRuntime/7.36.0"

info: ::1 - - [31/Dec/2023:10:07:36 +0000] "GET /api/v1/note/658a6985ff5aea4265dd97d8 HTTP/1.1" 200 240 "-" "PostmanRuntime/7.36.0"

info: ::1 - - [31/Dec/2023:10:08:10 +0000] "GET /api/v1/note/658a6985ff5aea4265dd97d8 HTTP/1.1" 200 240 "-" "PostmanRuntime/7.36.0"

info: ::1 - - [31/Dec/2023:10:08:34 +0000] "GET /api/v1/note/658a6985ff5aea4265dd97d8 HTTP/1.1" 200 240 "-" "PostmanRuntime/7.36.0"

info: ::1 - - [31/Dec/2023:10:08:36 +0000] "GET /api/v1/note/658a6985ff5aea4265dd97d8 HTTP/1.1" 200 240 "-" "PostmanRuntime/7.36.0"

info: ::1 - - [31/Dec/2023:10:08:37 +0000] "GET /api/v1/note/658a6985ff5aea4265dd97d8 HTTP/1.1" 200 240 "-" "PostmanRuntime/7.36.0"

info: ::1 - - [31/Dec/2023:10:09:55 +0000] "GET /api/v1/note/658a6985ff5aea4265dd97d8 HTTP/1.1" 200 240 "-" "PostmanRuntime/7.36.0"

info: ::1 - - [31/Dec/2023:10:09:57 +0000] "GET /api/v1/note/658a6985ff5aea4265dd97d8 HTTP/1.1" 200 240 "-" "PostmanRuntime/7.36.0"

info: ::1 - - [31/Dec/2023:10:12:30 +0000] "GET /api/v1/note/658a6985ff5aea4265dd97d8 HTTP/1.1" 200 240 "-" "PostmanRuntime/7.36.0"

info: ::1 - - [31/Dec/2023:10:13:51 +0000] "GET /api/v1/note HTTP/1.1" 200 1507 "-" "PostmanRuntime/7.36.0"

info: ::1 - - [31/Dec/2023:10:14:01 +0000] "GET /api/v1/note HTTP/1.1" 200 1507 "-" "PostmanRuntime/7.36.0"

info: ::1 - - [31/Dec/2023:10:15:26 +0000] "GET /api/v1/note/65886a7538284a6535e89a9a HTTP/1.1" 204 - "-" "PostmanRuntime/7.36.0"

info: ::1 - - [31/Dec/2023:10:16:18 +0000] "GET /api/v1/note/658da598a2f30fdf60893efb HTTP/1.1" 200 246 "-" "PostmanRuntime/7.36.0"

info: ::1 - - [31/Dec/2023:10:16:23 +0000] "GET /api/v1/note/658da598a2f30fdf60893efb HTTP/1.1" 200 246 "-" "PostmanRuntime/7.36.0"

info: ::1 - - [31/Dec/2023:10:17:41 +0000] "GET /api/v1/note/658da598a2f30fdf60893efb HTTP/1.1" - - "-" "PostmanRuntime/7.36.0"

info: ::1 - - [31/Dec/2023:10:18:03 +0000] "GET /api/v1/note/658da598a2f30fdf60893efb HTTP/1.1" - - "-" "PostmanRuntime/7.36.0"

info: ::1 - - [31/Dec/2023:10:18:21 +0000] "GET /api/v1/note HTTP/1.1" - - "-" "PostmanRuntime/7.36.0"

info: ::1 - - [31/Dec/2023:10:19:26 +0000] "GET /api/v1/note HTTP/1.1" - - "-" "PostmanRuntime/7.36.0"

info: ::1 - - [31/Dec/2023:10:19:29 +0000] "GET /api/v1/note HTTP/1.1" - - "-" "PostmanRuntime/7.36.0"

info: ::1 - - [31/Dec/2023:10:20:35 +0000] "POST /api/v1/user/login HTTP/1.1" 201 210 "-" "PostmanRuntime/7.36.0"

info: ::1 - - [31/Dec/2023:10:22:27 +0000] "GET /api/v1/note HTTP/1.1" - - "-" "PostmanRuntime/7.36.0"

info: ::1 - - [31/Dec/2023:10:23:21 +0000] "GET /api/v1/note HTTP/1.1" - - "-" "PostmanRuntime/7.36.0"

info: ::1 - - [31/Dec/2023:10:23:53 +0000] "GET /api/v1/note HTTP/1.1" - - "-" "PostmanRuntime/7.36.0"

info: ::1 - - [31/Dec/2023:10:24:08 +0000] "GET /api/v1/note HTTP/1.1" 200 1507 "-" "PostmanRuntime/7.36.0"

info: ::1 - - [31/Dec/2023:10:24:41 +0000] "GET /api/v1/note HTTP/1.1" 200 1507 "-" "PostmanRuntime/7.36.0"

info: ::1 - - [31/Dec/2023:10:25:04 +0000] "GET /api/v1/note/658a6985ff5aea4265dd97d8 HTTP/1.1" 200 240 "-" "PostmanRuntime/7.36.0"

info: ::1 - - [31/Dec/2023:10:25:08 +0000] "GET /api/v1/note/658a6985ff5aea4265dd97d8 HTTP/1.1" 200 240 "-" "PostmanRuntime/7.36.0"

info: ::1 - - [31/Dec/2023:10:25:59 +0000] "GET /api/v1/note/658a6985ff5aea4265dd97d8 HTTP/1.1" 200 240 "-" "PostmanRuntime/7.36.0"

info: ::1 - - [31/Dec/2023:10:26:24 +0000] "POST /api/v1/note HTTP/1.1" 201 252 "-" "PostmanRuntime/7.36.0"

info: ::1 - - [31/Dec/2023:10:27:11 +0000] "GET /api/v1/note/659141d081344b3f081986af HTTP/1.1" 200 240 "-" "PostmanRuntime/7.36.0"

info: ::1 - - [31/Dec/2023:10:27:18 +0000] "GET /api/v1/note/659141d081344b3f081986af HTTP/1.1" 200 240 "-" "PostmanRuntime/7.36.0"

info: ::1 - - [31/Dec/2023:10:27:47 +0000] "GET /api/v1/note/658a6985ff5aea4265dd97d8 HTTP/1.1" 200 240 "-" "PostmanRuntime/7.36.0"

info: ::1 - - [31/Dec/2023:10:28:09 +0000] "GET /api/v1/note/658d30d080095703e9284e48 HTTP/1.1" 200 240 "-" "PostmanRuntime/7.36.0"

info: ::1 - - [31/Dec/2023:10:28:19 +0000] "GET /api/v1/note/658d30d080095703e9284e48 HTTP/1.1" 200 240 "-" "PostmanRuntime/7.36.0"

info: ::1 - - [31/Dec/2023:10:28:20 +0000] "GET /api/v1/note/658d30d080095703e9284e48 HTTP/1.1" 200 240 "-" "PostmanRuntime/7.36.0"

info: ::1 - - [31/Dec/2023:10:28:21 +0000] "GET /api/v1/note/658d30d080095703e9284e48 HTTP/1.1" 200 240 "-" "PostmanRuntime/7.36.0"

info: ::1 - - [31/Dec/2023:10:28:40 +0000] "GET /api/v1/note/658d30d080095703e9284e48 HTTP/1.1" 200 240 "-" "PostmanRuntime/7.36.0"

info: ::1 - - [31/Dec/2023:10:29:04 +0000] "GET /api/v1/note/658aa03662d00bad2c1eb643 HTTP/1.1" 200 240 "-" "PostmanRuntime/7.36.0"

info: ::1 - - [31/Dec/2023:10:29:05 +0000] "GET /api/v1/note/658aa03662d00bad2c1eb643 HTTP/1.1" 200 240 "-" "PostmanRuntime/7.36.0"

info: ::1 - - [31/Dec/2023:10:30:08 +0000] "GET /api/v1/note HTTP/1.1" 200 1507 "-" "PostmanRuntime/7.36.0"

info: ::1 - - [31/Dec/2023:10:30:19 +0000] "GET /api/v1/note/658da598a2f30fdf60893efb HTTP/1.1" 200 240 "-" "PostmanRuntime/7.36.0"

info: ::1 - - [31/Dec/2023:10:32:35 +0000] "PUT /api/v1/note/658da598a2f30fdf60893efb/archive HTTP/1.1" 200 245 "-" "PostmanRuntime/7.36.0"

info: ::1 - - [31/Dec/2023:10:32:36 +0000] "PUT /api/v1/note/658da598a2f30fdf60893efb/archive HTTP/1.1" 200 246 "-" "PostmanRuntime/7.36.0"

info: ::1 - - [31/Dec/2023:10:32:38 +0000] "PUT /api/v1/note/658da598a2f30fdf60893efb/archive HTTP/1.1" 200 245 "-" "PostmanRuntime/7.36.0"

info: ::1 - - [31/Dec/2023:10:32:39 +0000] "PUT /api/v1/note/658da598a2f30fdf60893efb/archive HTTP/1.1" 200 246 "-" "PostmanRuntime/7.36.0"

info: ::1 - - [31/Dec/2023:10:32:52 +0000] "PUT /api/v1/note/658da598a2f30fdf60893efb HTTP/1.1" 200 293 "-" "PostmanRuntime/7.36.0"

info: ::1 - - [31/Dec/2023:10:32:55 +0000] "PUT /api/v1/note/658da598a2f30fdf60893efb HTTP/1.1" 200 293 "-" "PostmanRuntime/7.36.0"

info: ::1 - - [31/Dec/2023:10:33:01 +0000] "PUT /api/v1/note/658da598a2f30fdf60893efb HTTP/1.1" 200 293 "-" "PostmanRuntime/7.36.0"

info: ::1 - - [31/Dec/2023:10:34:55 +0000] "GET /api/v1/note/658da598a2f30fdf60893efb HTTP/1.1" 200 252 "-" "PostmanRuntime/7.36.0"

info: ::1 - - [31/Dec/2023:10:35:33 +0000] "GET /api/v1/note/658aa03662d00bad2c1eb643 HTTP/1.1" 200 252 "-" "PostmanRuntime/7.36.0"

info: ::1 - - [31/Dec/2023:10:35:34 +0000] "GET /api/v1/note/658aa03662d00bad2c1eb643 HTTP/1.1" 200 252 "-" "PostmanRuntime/7.36.0"

info: ::1 - - [31/Dec/2023:10:35:36 +0000] "GET /api/v1/note/658aa03662d00bad2c1eb643 HTTP/1.1" 200 252 "-" "PostmanRuntime/7.36.0"

info: ::1 - - [31/Dec/2023:10:35:37 +0000] "GET /api/v1/note/658aa03662d00bad2c1eb643 HTTP/1.1" 200 252 "-" "PostmanRuntime/7.36.0"

info: ::1 - - [31/Dec/2023:10:35:38 +0000] "GET /api/v1/note/658aa03662d00bad2c1eb643 HTTP/1.1" 200 252 "-" "PostmanRuntime/7.36.0"

info: ::1 - - [31/Dec/2023:10:35:39 +0000] "GET /api/v1/note/658aa03662d00bad2c1eb643 HTTP/1.1" 200 252 "-" "PostmanRuntime/7.36.0"

info: ::1 - - [31/Dec/2023:10:35:43 +0000] "GET /api/v1/note/658aa03662d00bad2c1eb643 HTTP/1.1" 200 252 "-" "PostmanRuntime/7.36.0"

info: ::1 - - [31/Dec/2023:10:36:00 +0000] "GET /api/v1/note/658aa03662d00bad2c1eb643 HTTP/1.1" 200 252 "-" "PostmanRuntime/7.36.0"

info: ::1 - - [31/Dec/2023:10:36:01 +0000] "GET /api/v1/note/658aa03662d00bad2c1eb643 HTTP/1.1" 200 252 "-" "PostmanRuntime/7.36.0"

info: ::1 - - [31/Dec/2023:10:36:48 +0000] "GET /api/v1/note/658aa03662d00bad2c1eb643 HTTP/1.1" 200 252 "-" "PostmanRuntime/7.36.0"

info: ::1 - - [31/Dec/2023:10:39:27 +0000] "GET /api/v1/note/658aa03662d00bad2c1eb643 HTTP/1.1" 200 252 "-" "PostmanRuntime/7.36.0"

info: ::1 - - [31/Dec/2023:10:39:49 +0000] "GET /api/v1/note/658aa03662d00bad2c1eb643 HTTP/1.1" 200 252 "-" "PostmanRuntime/7.36.0"

info: ::1 - - [31/Dec/2023:10:40:17 +0000] "GET /api/v1/note/658aa03662d00bad2c1eb643 HTTP/1.1" 200 252 "-" "PostmanRuntime/7.36.0"

info: ::1 - - [31/Dec/2023:10:40:58 +0000] "GET /api/v1/note/658aa03662d00bad2c1eb643 HTTP/1.1" 200 255 "-" "PostmanRuntime/7.36.0"

info: ::1 - - [31/Dec/2023:10:41:23 +0000] "GET /api/v1/note/658ba85332f0631cbdf58fe8 HTTP/1.1" 200 255 "-" "PostmanRuntime/7.36.0"

info: ::1 - - [31/Dec/2023:10:41:25 +0000] "GET /api/v1/note/658ba85332f0631cbdf58fe8 HTTP/1.1" 200 255 "-" "PostmanRuntime/7.36.0"

info: ::1 - - [31/Dec/2023:10:48:23 +0000] "GET /api/v1/note/658ba85332f0631cbdf58fe8 HTTP/1.1" 204 - "-" "PostmanRuntime/7.36.0"

info: ::1 - - [31/Dec/2023:10:49:01 +0000] "GET /api/v1/note/658ba85332f0631cbdf58fe8 HTTP/1.1" 200 255 "-" "PostmanRuntime/7.36.0"

info: ::1 - - [31/Dec/2023:10:49:04 +0000] "GET /api/v1/note/658ba85332f0631cbdf58fe8 HTTP/1.1" 200 255 "-" "PostmanRuntime/7.36.0"

info: ::1 - - [31/Dec/2023:10:49:19 +0000] "GET /api/v1/note/658d1f40830364939c5a19f0 HTTP/1.1" 200 255 "-" "PostmanRuntime/7.36.0"

info: ::1 - - [31/Dec/2023:10:49:20 +0000] "GET /api/v1/note/658d1f40830364939c5a19f0 HTTP/1.1" 200 255 "-" "PostmanRuntime/7.36.0"

info: ::1 - - [31/Dec/2023:10:49:28 +0000] "GET /api/v1/note/658d1f40830364939c5a19f0 HTTP/1.1" 200 255 "-" "PostmanRuntime/7.36.0"

info: ::1 - - [31/Dec/2023:10:49:41 +0000] "GET /api/v1/note/658d1f40830364939c5a19f0 HTTP/1.1" 200 255 "-" "PostmanRuntime/7.36.0"

info: ::1 - - [31/Dec/2023:10:50:29 +0000] "GET /api/v1/note/658d1f40830364939c5a19f0 HTTP/1.1" 200 252 "-" "PostmanRuntime/7.36.0"

info: ::1 - - [31/Dec/2023:10:50:32 +0000] "GET /api/v1/note/658d1f40830364939c5a19f0 HTTP/1.1" 200 252 "-" "PostmanRuntime/7.36.0"

info: ::1 - - [31/Dec/2023:10:50:33 +0000] "GET /api/v1/note/658d1f40830364939c5a19f0 HTTP/1.1" 200 252 "-" "PostmanRuntime/7.36.0"

info: ::1 - - [31/Dec/2023:10:51:01 +0000] "GET /api/v1/note/658da7e073983986ecfe6fb2 HTTP/1.1" 200 252 "-" "PostmanRuntime/7.36.0"

info: ::1 - - [31/Dec/2023:10:51:02 +0000] "GET /api/v1/note/658da7e073983986ecfe6fb2 HTTP/1.1" 200 252 "-" "PostmanRuntime/7.36.0"

info: ::1 - - [31/Dec/2023:10:51:04 +0000] "GET /api/v1/note/658da7e073983986ecfe6fb2 HTTP/1.1" 200 252 "-" "PostmanRuntime/7.36.0"

info: ::1 - - [31/Dec/2023:10:51:05 +0000] "GET /api/v1/note/658da7e073983986ecfe6fb2 HTTP/1.1" 200 252 "-" "PostmanRuntime/7.36.0"

info: ::1 - - [31/Dec/2023:10:51:06 +0000] "GET /api/v1/note/658da7e073983986ecfe6fb2 HTTP/1.1" 200 252 "-" "PostmanRuntime/7.36.0"

info: ::1 - - [31/Dec/2023:10:51:07 +0000] "GET /api/v1/note/658da7e073983986ecfe6fb2 HTTP/1.1" 200 252 "-" "PostmanRuntime/7.36.0"

info: ::1 - - [31/Dec/2023:10:52:44 +0000] "GET /api/v1/note/658da7e073983986ecfe6fb2 HTTP/1.1" 200 252 "-" "PostmanRuntime/7.36.0"

info: ::1 - - [31/Dec/2023:10:52:45 +0000] "GET /api/v1/note/658da7e073983986ecfe6fb2 HTTP/1.1" 200 252 "-" "PostmanRuntime/7.36.0"

info: ::1 - - [31/Dec/2023:10:52:53 +0000] "GET /api/v1/note/658da7e073983986ecfe6fb2 HTTP/1.1" 204 - "-" "PostmanRuntime/7.36.0"

info: ::1 - - [31/Dec/2023:10:52:55 +0000] "GET /api/v1/note/658da7e073983986ecfe6fb2 HTTP/1.1" 204 - "-" "PostmanRuntime/7.36.0"

info: ::1 - - [31/Dec/2023:10:52:56 +0000] "GET /api/v1/note/658da7e073983986ecfe6fb2 HTTP/1.1" 204 - "-" "PostmanRuntime/7.36.0"

info: ::1 - - [31/Dec/2023:10:52:57 +0000] "GET /api/v1/note/658da7e073983986ecfe6fb2 HTTP/1.1" 204 - "-" "PostmanRuntime/7.36.0"

info: ::1 - - [31/Dec/2023:10:53:11 +0000] "GET /api/v1/note/658da7e073983986ecfe6fb2 HTTP/1.1" 204 - "-" "PostmanRuntime/7.36.0"

info: ::1 - - [31/Dec/2023:10:53:13 +0000] "GET /api/v1/note/658da7e073983986ecfe6fb2 HTTP/1.1" 204 - "-" "PostmanRuntime/7.36.0"

info: ::1 - - [31/Dec/2023:10:54:20 +0000] "GET /api/v1/note/658a6985ff5aea4265dd97d8 HTTP/1.1" 200 240 "-" "PostmanRuntime/7.36.0"

info: ::1 - - [31/Dec/2023:10:54:22 +0000] "GET /api/v1/note/658a6985ff5aea4265dd97d8 HTTP/1.1" 200 240 "-" "PostmanRuntime/7.36.0"

info: ::1 - - [31/Dec/2023:10:55:59 +0000] "GET /api/v1/note/658a6985ff5aea4265dd97d8 HTTP/1.1" 200 240 "-" "PostmanRuntime/7.36.0"

info: ::1 - - [31/Dec/2023:10:56:39 +0000] "GET /api/v1/note/658a6985ff5aea4265dd97d8 HTTP/1.1" 200 240 "-" "PostmanRuntime/7.36.0"

info: ::1 - - [31/Dec/2023:10:56:40 +0000] "GET /api/v1/note/658a6985ff5aea4265dd97d8 HTTP/1.1" 200 240 "-" "PostmanRuntime/7.36.0"

info: ::1 - - [31/Dec/2023:10:56:41 +0000] "GET /api/v1/note/658a6985ff5aea4265dd97d8 HTTP/1.1" 200 240 "-" "PostmanRuntime/7.36.0"

info: ::1 - - [31/Dec/2023:10:57:13 +0000] "GET /api/v1/note/658a6985ff5aea4265dd97d8 HTTP/1.1" 200 240 "-" "PostmanRuntime/7.36.0"

info: ::1 - - [31/Dec/2023:10:57:39 +0000] "GET /api/v1/note/658a6985ff5aea4265dd97d8 HTTP/1.1" 200 240 "-" "PostmanRuntime/7.36.0"

info: ::1 - - [31/Dec/2023:10:57:40 +0000] "GET /api/v1/note/658a6985ff5aea4265dd97d8 HTTP/1.1" 200 240 "-" "PostmanRuntime/7.36.0"

info: ::1 - - [31/Dec/2023:10:57:41 +0000] "GET /api/v1/note/658a6985ff5aea4265dd97d8 HTTP/1.1" 200 240 "-" "PostmanRuntime/7.36.0"

info: ::1 - - [31/Dec/2023:10:58:11 +0000] "GET /api/v1/note/658aa03662d00bad2c1eb643 HTTP/1.1" 200 240 "-" "PostmanRuntime/7.36.0"

info: ::1 - - [31/Dec/2023:10:58:12 +0000] "GET /api/v1/note/658aa03662d00bad2c1eb643 HTTP/1.1" 200 240 "-" "PostmanRuntime/7.36.0"

info: ::1 - - [31/Dec/2023:10:58:13 +0000] "GET /api/v1/note/658aa03662d00bad2c1eb643 HTTP/1.1" 200 240 "-" "PostmanRuntime/7.36.0"

info: ::1 - - [31/Dec/2023:11:02:21 +0000] "GET /api/v1/note/658aa03662d00bad2c1eb643 HTTP/1.1" 204 - "-" "PostmanRuntime/7.36.0"

info: ::1 - - [31/Dec/2023:11:02:23 +0000] "GET /api/v1/note/658aa03662d00bad2c1eb643 HTTP/1.1" 204 - "-" "PostmanRuntime/7.36.0"

info: ::1 - - [31/Dec/2023:11:02:24 +0000] "GET /api/v1/note/658aa03662d00bad2c1eb643 HTTP/1.1" 204 - "-" "PostmanRuntime/7.36.0"

info: ::1 - - [31/Dec/2023:11:02:25 +0000] "GET /api/v1/note/658aa03662d00bad2c1eb643 HTTP/1.1" 204 - "-" "PostmanRuntime/7.36.0"

info: ::1 - - [31/Dec/2023:11:02:25 +0000] "GET /api/v1/note/658aa03662d00bad2c1eb643 HTTP/1.1" 204 - "-" "PostmanRuntime/7.36.0"

info: ::1 - - [31/Dec/2023:11:03:36 +0000] "GET /api/v1/note/658aa03662d00bad2c1eb643 HTTP/1.1" 204 - "-" "PostmanRuntime/7.36.0"

info: ::1 - - [31/Dec/2023:11:03:37 +0000] "GET /api/v1/note/658aa03662d00bad2c1eb643 HTTP/1.1" 204 - "-" "PostmanRuntime/7.36.0"

info: ::1 - - [31/Dec/2023:11:03:38 +0000] "GET /api/v1/note/658aa03662d00bad2c1eb643 HTTP/1.1" 204 - "-" "PostmanRuntime/7.36.0"

info: ::1 - - [31/Dec/2023:11:03:58 +0000] "GET /api/v1/note/658aa03662d00bad2c1eb643 HTTP/1.1" 200 255 "-" "PostmanRuntime/7.36.0"

info: ::1 - - [31/Dec/2023:11:04:00 +0000] "GET /api/v1/note/658aa03662d00bad2c1eb643 HTTP/1.1" 200 255 "-" "PostmanRuntime/7.36.0"

info: ::1 - - [31/Dec/2023:11:04:25 +0000] "GET /api/v1/note/658a6985ff5aea4265dd97d8 HTTP/1.1" 200 240 "-" "PostmanRuntime/7.36.0"

info: ::1 - - [31/Dec/2023:11:11:59 +0000] "GET /api/v1/note/658a6985ff5aea4265dd97d8 HTTP/1.1" 200 240 "-" "PostmanRuntime/7.36.0"

info: ::1 - - [31/Dec/2023:11:12:02 +0000] "GET /api/v1/note/658a6985ff5aea4265dd97d8 HTTP/1.1" 200 240 "-" "PostmanRuntime/7.36.0"

info: ::1 - - [31/Dec/2023:11:12:31 +0000] "GET /api/v1/note/658aa03662d00bad2c1eb643 HTTP/1.1" 200 240 "-" "PostmanRuntime/7.36.0"

info: ::1 - - [31/Dec/2023:11:12:33 +0000] "GET /api/v1/note/658aa03662d00bad2c1eb643 HTTP/1.1" 200 240 "-" "PostmanRuntime/7.36.0"

info: ::1 - - [31/Dec/2023:11:13:33 +0000] "GET /api/v1/note/658aa03662d00bad2c1eb643 HTTP/1.1" 200 240 "-" "PostmanRuntime/7.36.0"

info: ::1 - - [31/Dec/2023:11:14:08 +0000] "GET /api/v1/note/658aa03662d00bad2c1eb643 HTTP/1.1" 204 - "-" "PostmanRuntime/7.36.0"

info: ::1 - - [31/Dec/2023:11:15:49 +0000] "DELETE /api/v1/note/658aa03662d00bad2c1eb643 HTTP/1.1" 204 - "-" "PostmanRuntime/7.36.0"

info: ::1 - - [31/Dec/2023:11:17:07 +0000] "DELETE /api/v1/note/658aa03662d00bad2c1eb643 HTTP/1.1" 200 296 "-" "PostmanRuntime/7.36.0"

info: ::1 - - [31/Dec/2023:11:35:50 +0000] "DELETE /api/v1/note/658aa03662d00bad2c1eb643 HTTP/1.1" 204 - "-" "PostmanRuntime/7.36.0"

info: ::1 - - [31/Dec/2023:11:35:53 +0000] "DELETE /api/v1/note/658aa03662d00bad2c1eb643 HTTP/1.1" 204 - "-" "PostmanRuntime/7.36.0"

info: ::1 - - [31/Dec/2023:11:35:59 +0000] "GET /api/v1/note/658aa03662d00bad2c1eb643 HTTP/1.1" 204 - "-" "PostmanRuntime/7.36.0"

info: ::1 - - [31/Dec/2023:11:36:19 +0000] "GET /api/v1/note HTTP/1.1" 200 1510 "-" "PostmanRuntime/7.36.0"

info: ::1 - - [31/Dec/2023:11:36:21 +0000] "GET /api/v1/note HTTP/1.1" 200 1510 "-" "PostmanRuntime/7.36.0"

info: ::1 - - [31/Dec/2023:11:36:45 +0000] "GET /api/v1/note/658ba85332f0631cbdf58fe8 HTTP/1.1" 204 - "-" "PostmanRuntime/7.36.0"

info: ::1 - - [31/Dec/2023:11:36:49 +0000] "GET /api/v1/note/658ba85332f0631cbdf58fe8 HTTP/1.1" 204 - "-" "PostmanRuntime/7.36.0"

info: ::1 - - [31/Dec/2023:11:37:03 +0000] "GET /api/v1/note/658ba85332f0631cbdf58fe8 HTTP/1.1" 200 240 "-" "PostmanRuntime/7.36.0"

info: ::1 - - [31/Dec/2023:11:39:07 +0000] "GET /api/v1/note/658ba85332f0631cbdf58fe8 HTTP/1.1" 200 240 "-" "PostmanRuntime/7.36.0"

info: ::1 - - [31/Dec/2023:11:39:09 +0000] "GET /api/v1/note/658ba85332f0631cbdf58fe8 HTTP/1.1" 200 240 "-" "PostmanRuntime/7.36.0"

info: ::1 - - [31/Dec/2023:11:39:47 +0000] "GET /api/v1/note/658ba85332f0631cbdf58fe8 HTTP/1.1" 200 255 "-" "PostmanRuntime/7.36.0"

info: ::1 - - [31/Dec/2023:11:41:49 +0000] "GET /api/v1/note/658ba85332f0631cbdf58fe8 HTTP/1.1" 200 255 "-" "PostmanRuntime/7.36.0"

info: ::1 - - [31/Dec/2023:11:42:28 +0000] "GET /api/v1/note/658ba85332f0631cbdf58fe8 HTTP/1.1" 200 255 "-" "PostmanRuntime/7.36.0"

info: ::1 - - [31/Dec/2023:11:43:28 +0000] "GET /api/v1/note HTTP/1.1" 200 1510 "-" "PostmanRuntime/7.36.0"

info: ::1 - - [31/Dec/2023:11:44:00 +0000] "GET /api/v1/note/658d1f40830364939c5a19f0 HTTP/1.1" 200 252 "-" "PostmanRuntime/7.36.0"

info: ::1 - - [31/Dec/2023:11:44:11 +0000] "GET /api/v1/note/658d1f40830364939c5a19f0 HTTP/1.1" 200 252 "-" "PostmanRuntime/7.36.0"

info: ::1 - - [31/Dec/2023:11:44:13 +0000] "GET /api/v1/note/658d1f40830364939c5a19f0 HTTP/1.1" 200 252 "-" "PostmanRuntime/7.36.0"

info: ::1 - - [31/Dec/2023:11:44:31 +0000] "GET /api/v1/note/658ba85332f0631cbdf58fe8 HTTP/1.1" 200 255 "-" "PostmanRuntime/7.36.0"

info: ::1 - - [31/Dec/2023:11:45:07 +0000] "GET /api/v1/note/658da7e073983986ecfe6fb2 HTTP/1.1" 204 - "-" "PostmanRuntime/7.36.0"

info: ::1 - - [31/Dec/2023:11:46:01 +0000] "GET /api/v1/note/658ba85332f0631cbdf58fe8 HTTP/1.1" 200 255 "-" "PostmanRuntime/7.36.0"

info: ::1 - - [31/Dec/2023:11:46:04 +0000] "GET /api/v1/note/658ba85332f0631cbdf58fe8 HTTP/1.1" 200 255 "-" "PostmanRuntime/7.36.0"

info: ::1 - - [31/Dec/2023:11:46:46 +0000] "GET /api/v1/note/658a6985ff5aea4265dd97d8 HTTP/1.1" 200 240 "-" "PostmanRuntime/7.36.0"

info: ::1 - - [31/Dec/2023:11:46:48 +0000] "GET /api/v1/note/658a6985ff5aea4265dd97d8 HTTP/1.1" 200 240 "-" "PostmanRuntime/7.36.0"

info: ::1 - - [31/Dec/2023:11:49:38 +0000] "PUT /api/v1/note/658d30d080095703e9284e48 HTTP/1.1" 200 296 "-" "PostmanRuntime/7.36.0"

info: ::1 - - [31/Dec/2023:11:49:45 +0000] "PUT /api/v1/note/658d30d080095703e9284e48 HTTP/1.1" 200 296 "-" "PostmanRuntime/7.36.0"

info: ::1 - - [31/Dec/2023:11:49:53 +0000] "GET /api/v1/note/658d30d080095703e9284e48 HTTP/1.1" 200 255 "-" "PostmanRuntime/7.36.0"

