info: ::1 - - [02/Jan/2024:04:51:04 +0000] "GET /api/v1/note HTTP/1.1" 200 1513 "-" "PostmanRuntime/7.36.0"

info: ::1 - - [02/Jan/2024:04:51:11 +0000] "GET /api/v1/note HTTP/1.1" 200 1513 "-" "PostmanRuntime/7.36.0"

info: ::1 - - [02/Jan/2024:04:51:33 +0000] "GET /api/v1/note/658a6985ff5aea4265dd97d8 HTTP/1.1" 200 240 "-" "PostmanRuntime/7.36.0"

info: ::1 - - [02/Jan/2024:04:51:35 +0000] "GET /api/v1/note/658a6985ff5aea4265dd97d8 HTTP/1.1" 200 240 "-" "PostmanRuntime/7.36.0"

info: ::1 - - [02/Jan/2024:04:52:03 +0000] "PUT /api/v1/note/658a6985ff5aea4265dd97d8 HTTP/1.1" 200 291 "-" "PostmanRuntime/7.36.0"

info: ::1 - - [02/Jan/2024:04:52:21 +0000] "GET /api/v1/note HTTP/1.1" 200 1523 "-" "PostmanRuntime/7.36.0"

info: ::1 - - [02/Jan/2024:04:52:24 +0000] "GET /api/v1/note HTTP/1.1" 200 1523 "-" "PostmanRuntime/7.36.0"

info: ::1 - - [02/Jan/2024:04:59:14 +0000] "POST /api/v1/user/login HTTP/1.1" - - "http://127.0.0.1:5500/" "Mozilla/5.0 (Linux; Android 6.0; Nexus 5 Build/MRA58N) AppleWebKit/537.36 (KHTML, like Gecko) Chrome/120.0.0.0 Mobile Safari/537.36"

info: ::1 - - [02/Jan/2024:05:01:24 +0000] "POST /api/v1/user/login HTTP/1.1" - - "http://127.0.0.1:5500/" "Mozilla/5.0 (Linux; Android 6.0; Nexus 5 Build/MRA58N) AppleWebKit/537.36 (KHTML, like Gecko) Chrome/120.0.0.0 Mobile Safari/537.36"

info: ::1 - - [02/Jan/2024:05:02:25 +0000] "POST /api/v1/user/login HTTP/1.1" 201 210 "http://127.0.0.1:5500/" "Mozilla/5.0 (Windows NT 10.0; Win64; x64) AppleWebKit/537.36 (KHTML, like Gecko) Chrome/120.0.0.0 Safari/537.36"

info: ::1 - - [02/Jan/2024:05:44:00 +0000] "GET /api/v1/note HTTP/1.1" 200 1523 "-" "PostmanRuntime/7.36.0"

info: ::1 - - [02/Jan/2024:05:44:09 +0000] "GET /api/v1/note HTTP/1.1" 200 1523 "-" "PostmanRuntime/7.36.0"

info: ::1 - - [02/Jan/2024:06:16:51 +0000] "GET /api/v1/note HTTP/1.1" 500 38 "-" "PostmanRuntime/7.36.0"

info: ::1 - - [02/Jan/2024:06:18:02 +0000] "GET /api/v1/note HTTP/1.1" 500 38 "-" "PostmanRuntime/7.36.0"

info: ::1 - - [02/Jan/2024:06:18:40 +0000] "GET /api/v1/note HTTP/1.1" 500 38 "-" "PostmanRuntime/7.36.0"

info: ::1 - - [02/Jan/2024:06:19:46 +0000] "GET /api/v1/note HTTP/1.1" 500 38 "-" "PostmanRuntime/7.36.0"

info: ::1 - - [02/Jan/2024:06:21:38 +0000] "GET /api/v1/note HTTP/1.1" 500 38 "-" "PostmanRuntime/7.36.0"

info: ::1 - - [02/Jan/2024:06:21:39 +0000] "GET /api/v1/note HTTP/1.1" 500 38 "-" "PostmanRuntime/7.36.0"

info: ::1 - - [02/Jan/2024:06:22:30 +0000] "GET /api/v1/note HTTP/1.1" 500 38 "-" "PostmanRuntime/7.36.0"

info: ::1 - - [02/Jan/2024:06:22:45 +0000] "GET /api/v1/note HTTP/1.1" 500 38 "-" "PostmanRuntime/7.36.0"

info: ::1 - - [02/Jan/2024:06:23:18 +0000] "GET /api/v1/note HTTP/1.1" 500 38 "-" "PostmanRuntime/7.36.0"

info: ::1 - - [02/Jan/2024:06:24:04 +0000] "GET /api/v1/note HTTP/1.1" 500 38 "-" "PostmanRuntime/7.36.0"

info: ::1 - - [02/Jan/2024:06:26:06 +0000] "GET /api/v1/note HTTP/1.1" 500 38 "-" "PostmanRuntime/7.36.0"

info: ::1 - - [02/Jan/2024:06:27:52 +0000] "GET /api/v1/note HTTP/1.1" 500 38 "-" "PostmanRuntime/7.36.0"

info: ::1 - - [02/Jan/2024:06:28:21 +0000] "GET /api/v1/note HTTP/1.1" 500 38 "-" "PostmanRuntime/7.36.0"

info: ::1 - - [02/Jan/2024:06:28:22 +0000] "GET /api/v1/note HTTP/1.1" 500 38 "-" "PostmanRuntime/7.36.0"

info: ::1 - - [02/Jan/2024:06:33:11 +0000] "GET /api/v1/note HTTP/1.1" 500 38 "-" "PostmanRuntime/7.36.0"

info: ::1 - - [02/Jan/2024:06:33:13 +0000] "GET /api/v1/note HTTP/1.1" 500 38 "-" "PostmanRuntime/7.36.0"

info: ::1 - - [02/Jan/2024:06:35:29 +0000] "GET /api/v1/note HTTP/1.1" 500 38 "-" "PostmanRuntime/7.36.0"

info: ::1 - - [02/Jan/2024:06:35:49 +0000] "GET /api/v1/note HTTP/1.1" 404 47 "-" "PostmanRuntime/7.36.0"

info: ::1 - - [02/Jan/2024:06:36:59 +0000] "GET /api/v1/note HTTP/1.1" 404 47 "-" "PostmanRuntime/7.36.0"

info: ::1 - - [02/Jan/2024:06:38:06 +0000] "GET /api/v1/note HTTP/1.1" 200 62 "-" "PostmanRuntime/7.36.0"

info: ::1 - - [02/Jan/2024:06:39:09 +0000] "GET /api/v1/note HTTP/1.1" 200 62 "-" "PostmanRuntime/7.36.0"

info: ::1 - - [02/Jan/2024:06:39:25 +0000] "GET /api/v1/note HTTP/1.1" 500 38 "-" "PostmanRuntime/7.36.0"

info: ::1 - - [02/Jan/2024:06:40:03 +0000] "GET /api/v1/note HTTP/1.1" 500 38 "-" "PostmanRuntime/7.36.0"

info: ::1 - - [02/Jan/2024:06:42:45 +0000] "GET /api/v1/note HTTP/1.1" 500 38 "-" "PostmanRuntime/7.36.0"

info: ::1 - - [02/Jan/2024:06:43:14 +0000] "GET /api/v1/note HTTP/1.1" 500 38 "-" "PostmanRuntime/7.36.0"

info: ::1 - - [02/Jan/2024:06:43:35 +0000] "GET /api/v1/note HTTP/1.1" 500 35 "-" "PostmanRuntime/7.36.0"

info: ::1 - - [02/Jan/2024:06:44:03 +0000] "GET /api/v1/note HTTP/1.1" 200 1523 "-" "PostmanRuntime/7.36.0"

info: ::1 - - [02/Jan/2024:06:44:57 +0000] "GET /api/v1/note/658a6985ff5aea4265dd97d8 HTTP/1.1" 200 250 "-" "PostmanRuntime/7.36.0"

info: ::1 - - [02/Jan/2024:06:45:14 +0000] "GET /api/v1/note/658a6985ff5aea4265dd97d8 HTTP/1.1" 200 250 "-" "PostmanRuntime/7.36.0"

info: ::1 - - [02/Jan/2024:06:45:30 +0000] "PUT /api/v1/note/658a6985ff5aea4265dd97d8 HTTP/1.1" 200 291 "-" "PostmanRuntime/7.36.0"

info: ::1 - - [02/Jan/2024:06:45:48 +0000] "GET /api/v1/note/658a6985ff5aea4265dd97d8 HTTP/1.1" 200 250 "-" "PostmanRuntime/7.36.0"

info: ::1 - - [02/Jan/2024:06:46:05 +0000] "GET /api/v1/note/ HTTP/1.1" 200 1523 "-" "PostmanRuntime/7.36.0"

info: ::1 - - [02/Jan/2024:06:50:17 +0000] "GET /api/v1/note HTTP/1.1" 200 1523 "-" "PostmanRuntime/7.36.0"

info: ::1 - - [02/Jan/2024:06:50:21 +0000] "GET /api/v1/note HTTP/1.1" 200 1523 "-" "PostmanRuntime/7.36.0"

info: ::1 - - [02/Jan/2024:06:51:05 +0000] "GET /api/v1/note/658a6985ff5aea4265dd97d8 HTTP/1.1" 200 250 "-" "PostmanRuntime/7.36.0"

info: ::1 - - [02/Jan/2024:06:51:06 +0000] "GET /api/v1/note/658a6985ff5aea4265dd97d8 HTTP/1.1" 200 250 "-" "PostmanRuntime/7.36.0"

info: ::1 - - [02/Jan/2024:06:52:13 +0000] "GET /api/v1/note/658a6985ff5aea4265dd97d8 HTTP/1.1" 200 250 "-" "PostmanRuntime/7.36.0"

info: ::1 - - [02/Jan/2024:06:52:30 +0000] "GET /api/v1/note HTTP/1.1" 200 1523 "-" "PostmanRuntime/7.36.0"

info: ::1 - - [02/Jan/2024:06:52:42 +0000] "GET /api/v1/note HTTP/1.1" 200 1523 "-" "PostmanRuntime/7.36.0"

info: ::1 - - [02/Jan/2024:06:53:08 +0000] "GET /api/v1/note HTTP/1.1" 200 1523 "-" "PostmanRuntime/7.36.0"

info: ::1 - - [02/Jan/2024:06:53:12 +0000] "GET /api/v1/note HTTP/1.1" 200 1523 "-" "PostmanRuntime/7.36.0"

info: ::1 - - [02/Jan/2024:06:58:43 +0000] "GET /api/v1/note/658d1f40830364939c5a19f0 HTTP/1.1" 200 252 "-" "PostmanRuntime/7.36.0"

info: ::1 - - [02/Jan/2024:06:58:46 +0000] "GET /api/v1/note/658d1f40830364939c5a19f0 HTTP/1.1" 200 252 "-" "PostmanRuntime/7.36.0"

