info: Server started at http://localhost:3000/api/v1/ {"timestamp":"2024-01-01T13:09:44.193Z"}
info: Connected to the database. {"timestamp":"2024-01-01T13:09:44.215Z"}
info: Server started at http://localhost:3000/api/v1/ {"timestamp":"2024-01-01T13:18:03.802Z"}
info: Connected to the database. {"timestamp":"2024-01-01T13:18:03.824Z"}
info: Server started at http://localhost:3000/api/v1/ {"timestamp":"2024-01-01T13:23:39.272Z"}
info: Connected to the database. {"timestamp":"2024-01-01T13:23:39.293Z"}
error: 
    status - 500 
    message - SyntaxError: Unexpected token o in JSON at position 1
    at JSON.parse (<anonymous>)
    at parse (C:\Users\Kirana N\WORKSPACE\FundooProject\node_modules\body-parser\lib\types\json.js:89:19)
    at C:\Users\Kirana N\WORKSPACE\FundooProject\node_modules\body-parser\lib\read.js:128:18
    at AsyncResource.runInAsyncScope (node:async_hooks:202:9)
    at invokeCallback (C:\Users\Kirana N\WORKSPACE\FundooProject\node_modules\raw-body\index.js:231:16)
    at done (C:\Users\Kirana N\WORKSPACE\FundooProject\node_modules\raw-body\index.js:220:7)
    at IncomingMessage.onEnd (C:\Users\Kirana N\WORKSPACE\FundooProject\node_modules\raw-body\index.js:280:7)
    at IncomingMessage.emit (node:events:539:35)
    at IncomingMessage.emit (node:domain:475:12)
    at endReadableNT (node:internal/streams/readable:1345:12)
    at processTicksAndRejections (node:internal/process/task_queues:83:21) 
    url - /api/v1/user/login 
    method - POST 
    IP - ::1
   {"timestamp":"2024-01-01T13:24:36.479Z"}
info: Server started at http://localhost:3000/api/v1/ {"timestamp":"2024-01-01T13:29:01.195Z"}
info: Connected to the database. {"timestamp":"2024-01-01T13:29:01.212Z"}
info: Server started at http://localhost:3000/api/v1/ {"timestamp":"2024-01-01T15:13:16.187Z"}
info: Connected to the database. {"timestamp":"2024-01-01T15:13:16.207Z"}
info: Server started at http://localhost:3000/api/v1/ {"timestamp":"2024-01-01T15:13:55.160Z"}
info: Connected to the database. {"timestamp":"2024-01-01T15:13:55.179Z"}
info: Server started at http://localhost:3000/api/v1/ {"timestamp":"2024-01-01T15:14:11.077Z"}
info: Connected to the database. {"timestamp":"2024-01-01T15:14:11.096Z"}
info: Server started at http://localhost:3000/api/v1/ {"timestamp":"2024-01-01T15:45:00.395Z"}
info: Connected to the database. {"timestamp":"2024-01-01T15:45:00.413Z"}
