error: uncaughtException: listen EADDRINUSE: address already in use :::3000
Error: listen EADDRINUSE: address already in use :::3000
    at Server.setupListenHandle [as _listen2] (node:net:1372:16)
    at listenInCluster (node:net:1420:12)
    at Server.listen (node:net:1508:7)
    at Function.listen (C:\Users\Kirana N\WORKSPACE\FundooProject\node_modules\express\lib\application.js:635:24)
    at Object.<anonymous> (C:\Users\Kirana N\WORKSPACE\FundooProject\src\/index.js:37:5)
    at Module._compile (node:internal/modules/cjs/loader:1105:14)
    at Module._compile (C:\Users\Kirana N\WORKSPACE\FundooProject\node_modules\pirates\lib\index.js:117:24)
    at Module._extensions..js (node:internal/modules/cjs/loader:1159:10)
    at Object.newLoader [as .js] (C:\Users\Kirana N\WORKSPACE\FundooProject\node_modules\pirates\lib\index.js:121:7)
    at Module.load (node:internal/modules/cjs/loader:981:32)
    at Function.Module._load (node:internal/modules/cjs/loader:822:12)
    at Function.runMain (node:internal/modules/run_main:77:12)
    at Object.<anonymous> (C:\Users\Kirana N\WORKSPACE\FundooProject\node_modules\@babel\node\src\_babel-node.ts:222:12)
    at Module._compile (node:internal/modules/cjs/loader:1105:14)
    at Object.Module._extensions..js (node:internal/modules/cjs/loader:1159:10)
    at Module.load (node:internal/modules/cjs/loader:981:32)
    at Function.Module._load (node:internal/modules/cjs/loader:822:12)
    at Function.executeUserEntryPoint [as runMain] (node:internal/modules/run_main:77:12)
    at node:internal/main/run_main_module:17:47 {"date":"Thu Dec 21 2023 12:13:16 GMT+0530 (India Standard Time)","error":{"address":"::","code":"EADDRINUSE","errno":-4091,"port":3000,"syscall":"listen"},"exception":true,"os":{"loadavg":[0,0,0],"uptime":527178},"process":{"argv":["node","C:\\Users\\Kirana N\\WORKSPACE\\FundooProject\\src\\index.js"],"cwd":"C:\\Users\\Kirana N\\WORKSPACE\\FundooProject","execPath":"C:\\Program Files\\nodejs\\node.exe","gid":null,"memoryUsage":{"arrayBuffers":18559272,"external":23733952,"heapTotal":83927040,"heapUsed":49311408,"rss":117862400},"pid":39288,"uid":null,"version":"v16.15.0"},"stack":"Error: listen EADDRINUSE: address already in use :::3000\n    at Server.setupListenHandle [as _listen2] (node:net:1372:16)\n    at listenInCluster (node:net:1420:12)\n    at Server.listen (node:net:1508:7)\n    at Function.listen (C:\\Users\\Kirana N\\WORKSPACE\\FundooProject\\node_modules\\express\\lib\\application.js:635:24)\n    at Object.<anonymous> (C:\\Users\\Kirana N\\WORKSPACE\\FundooProject\\src\\/index.js:37:5)\n    at Module._compile (node:internal/modules/cjs/loader:1105:14)\n    at Module._compile (C:\\Users\\Kirana N\\WORKSPACE\\FundooProject\\node_modules\\pirates\\lib\\index.js:117:24)\n    at Module._extensions..js (node:internal/modules/cjs/loader:1159:10)\n    at Object.newLoader [as .js] (C:\\Users\\Kirana N\\WORKSPACE\\FundooProject\\node_modules\\pirates\\lib\\index.js:121:7)\n    at Module.load (node:internal/modules/cjs/loader:981:32)\n    at Function.Module._load (node:internal/modules/cjs/loader:822:12)\n    at Function.runMain (node:internal/modules/run_main:77:12)\n    at Object.<anonymous> (C:\\Users\\Kirana N\\WORKSPACE\\FundooProject\\node_modules\\@babel\\node\\src\\_babel-node.ts:222:12)\n    at Module._compile (node:internal/modules/cjs/loader:1105:14)\n    at Object.Module._extensions..js (node:internal/modules/cjs/loader:1159:10)\n    at Module.load (node:internal/modules/cjs/loader:981:32)\n    at Function.Module._load (node:internal/modules/cjs/loader:822:12)\n    at Function.executeUserEntryPoint [as runMain] (node:internal/modules/run_main:77:12)\n    at node:internal/main/run_main_module:17:47","timestamp":"2023-12-21T06:43:16.879Z","trace":[{"column":16,"file":"node:net","function":"Server.setupListenHandle [as _listen2]","line":1372,"method":"setupListenHandle [as _listen2]","native":false},{"column":12,"file":"node:net","function":"listenInCluster","line":1420,"method":null,"native":false},{"column":7,"file":"node:net","function":"Server.listen","line":1508,"method":"listen","native":false},{"column":24,"file":"C:\\Users\\Kirana N\\WORKSPACE\\FundooProject\\node_modules\\express\\lib\\application.js","function":"Function.listen","line":635,"method":"listen","native":false},{"column":5,"file":"C:\\Users\\Kirana N\\WORKSPACE\\FundooProject\\src\\/index.js","function":null,"line":37,"method":null,"native":false},{"column":14,"file":"node:internal/modules/cjs/loader","function":"Module._compile","line":1105,"method":"_compile","native":false},{"column":24,"file":"C:\\Users\\Kirana N\\WORKSPACE\\FundooProject\\node_modules\\pirates\\lib\\index.js","function":"Module._compile","line":117,"method":"_compile","native":false},{"column":10,"file":"node:internal/modules/cjs/loader","function":"Module._extensions..js","line":1159,"method":".js","native":false},{"column":7,"file":"C:\\Users\\Kirana N\\WORKSPACE\\FundooProject\\node_modules\\pirates\\lib\\index.js","function":"Object.newLoader [as .js]","line":121,"method":"js]","native":false},{"column":32,"file":"node:internal/modules/cjs/loader","function":"Module.load","line":981,"method":"load","native":false},{"column":12,"file":"node:internal/modules/cjs/loader","function":"Module._load","line":822,"method":"_load","native":false},{"column":12,"file":"node:internal/modules/run_main","function":"Function.runMain","line":77,"method":"runMain","native":false},{"column":12,"file":"C:\\Users\\Kirana N\\WORKSPACE\\FundooProject\\node_modules\\@babel\\node\\src\\_babel-node.ts","function":null,"line":222,"method":null,"native":false},{"column":14,"file":"node:internal/modules/cjs/loader","function":"Module._compile","line":1105,"method":"_compile","native":false},{"column":10,"file":"node:internal/modules/cjs/loader","function":"Module._extensions..js","line":1159,"method":".js","native":false},{"column":32,"file":"node:internal/modules/cjs/loader","function":"Module.load","line":981,"method":"load","native":false},{"column":12,"file":"node:internal/modules/cjs/loader","function":"Module._load","line":822,"method":"_load","native":false},{"column":12,"file":"node:internal/modules/run_main","function":"Function.executeUserEntryPoint [as runMain]","line":77,"method":"executeUserEntryPoint [as runMain]","native":false},{"column":47,"file":"node:internal/main/run_main_module","function":null,"line":17,"method":null,"native":false}]}
info: Server started at http://localhost:3000/api/v1/ {"timestamp":"2023-12-21T06:50:13.724Z"}
info: Connected to the database. {"timestamp":"2023-12-21T06:50:13.736Z"}
info: Server started at http://localhost:3000/api/v1/ {"timestamp":"2023-12-21T06:57:27.888Z"}
info: Connected to the database. {"timestamp":"2023-12-21T06:57:27.901Z"}
info: Server started at http://localhost:3000/api/v1/ {"timestamp":"2023-12-21T07:06:56.531Z"}
info: Connected to the database. {"timestamp":"2023-12-21T07:06:56.545Z"}
info: Server started at http://localhost:3000/api/v1/ {"timestamp":"2023-12-21T07:08:32.735Z"}
info: Connected to the database. {"timestamp":"2023-12-21T07:08:32.749Z"}
info: Server started at http://localhost:3000/api/v1/ {"timestamp":"2023-12-21T07:10:34.959Z"}
info: Connected to the database. {"timestamp":"2023-12-21T07:10:34.973Z"}
info: Server started at http://localhost:3000/api/v1/ {"timestamp":"2023-12-21T07:10:38.494Z"}
info: Connected to the database. {"timestamp":"2023-12-21T07:10:38.507Z"}
info: Server started at http://localhost:3000/api/v1/ {"timestamp":"2023-12-21T07:10:41.833Z"}
info: Connected to the database. {"timestamp":"2023-12-21T07:10:41.846Z"}
info: Server started at http://localhost:3000/api/v1/ {"timestamp":"2023-12-21T07:10:53.433Z"}
info: Connected to the database. {"timestamp":"2023-12-21T07:10:53.447Z"}
info: Server started at http://localhost:3000/api/v1/ {"timestamp":"2023-12-21T07:11:28.567Z"}
info: Connected to the database. {"timestamp":"2023-12-21T07:11:28.584Z"}
info: Server started at http://localhost:3000/api/v1/ {"timestamp":"2023-12-21T07:13:40.941Z"}
info: Connected to the database. {"timestamp":"2023-12-21T07:13:40.956Z"}
info: Server started at http://localhost:3000/api/v1/ {"timestamp":"2023-12-21T07:14:11.230Z"}
info: Connected to the database. {"timestamp":"2023-12-21T07:14:11.248Z"}
info: Server started at http://localhost:3000/api/v1/ {"timestamp":"2023-12-21T07:15:32.929Z"}
info: Connected to the database. {"timestamp":"2023-12-21T07:15:32.949Z"}
info: Server started at http://localhost:3000/api/v1/ {"timestamp":"2023-12-21T07:15:37.523Z"}
info: Connected to the database. {"timestamp":"2023-12-21T07:15:37.539Z"}
info: Server started at http://localhost:3000/api/v1/ {"timestamp":"2023-12-21T07:15:49.963Z"}
info: Connected to the database. {"timestamp":"2023-12-21T07:15:49.980Z"}
info: Server started at http://localhost:3000/api/v1/ {"timestamp":"2023-12-21T07:16:06.065Z"}
info: Connected to the database. {"timestamp":"2023-12-21T07:16:06.082Z"}
info: Server started at http://localhost:3000/api/v1/ {"timestamp":"2023-12-21T07:16:12.674Z"}
info: Connected to the database. {"timestamp":"2023-12-21T07:16:12.690Z"}
info: Server started at http://localhost:3000/api/v1/ {"timestamp":"2023-12-21T07:16:30.188Z"}
info: Connected to the database. {"timestamp":"2023-12-21T07:16:30.205Z"}
info: Server started at http://localhost:3000/api/v1/ {"timestamp":"2023-12-21T07:17:13.794Z"}
info: Connected to the database. {"timestamp":"2023-12-21T07:17:13.812Z"}
info: Server started at http://localhost:3000/api/v1/ {"timestamp":"2023-12-21T07:17:17.389Z"}
info: Connected to the database. {"timestamp":"2023-12-21T07:17:17.405Z"}
info: Server started at http://localhost:3000/api/v1/ {"timestamp":"2023-12-21T08:07:56.123Z"}
info: Connected to the database. {"timestamp":"2023-12-21T08:07:56.136Z"}
info: Server started at http://localhost:3000/api/v1/ {"timestamp":"2023-12-21T08:12:09.209Z"}
info: Connected to the database. {"timestamp":"2023-12-21T08:12:09.225Z"}
info: Server started at http://localhost:3000/api/v1/ {"timestamp":"2023-12-21T08:12:15.275Z"}
info: Connected to the database. {"timestamp":"2023-12-21T08:12:15.289Z"}
info: Server started at http://localhost:3000/api/v1/ {"timestamp":"2023-12-21T08:15:41.233Z"}
info: Connected to the database. {"timestamp":"2023-12-21T08:15:41.248Z"}
info: Server started at http://localhost:3000/api/v1/ {"timestamp":"2023-12-21T08:15:43.774Z"}
info: Connected to the database. {"timestamp":"2023-12-21T08:15:43.791Z"}
info: Server started at http://localhost:3000/api/v1/ {"timestamp":"2023-12-21T08:30:30.125Z"}
info: Connected to the database. {"timestamp":"2023-12-21T08:30:30.142Z"}
info: Server started at http://localhost:3000/api/v1/ {"timestamp":"2023-12-21T08:32:38.412Z"}
info: Connected to the database. {"timestamp":"2023-12-21T08:32:38.430Z"}
info: Server started at http://localhost:3000/api/v1/ {"timestamp":"2023-12-21T08:32:41.508Z"}
info: Connected to the database. {"timestamp":"2023-12-21T08:32:41.524Z"}
info: Server started at http://localhost:3000/api/v1/ {"timestamp":"2023-12-21T08:32:52.964Z"}
info: Connected to the database. {"timestamp":"2023-12-21T08:32:52.981Z"}
info: Server started at http://localhost:3000/api/v1/ {"timestamp":"2023-12-21T08:33:20.897Z"}
info: Connected to the database. {"timestamp":"2023-12-21T08:33:20.911Z"}
info: Server started at http://localhost:3000/api/v1/ {"timestamp":"2023-12-21T08:37:13.673Z"}
info: Connected to the database. {"timestamp":"2023-12-21T08:37:13.690Z"}
info: Server started at http://localhost:3000/api/v1/ {"timestamp":"2023-12-21T08:37:17.323Z"}
info: Connected to the database. {"timestamp":"2023-12-21T08:37:17.336Z"}
info: Server started at http://localhost:3000/api/v1/ {"timestamp":"2023-12-21T08:37:23.759Z"}
info: Connected to the database. {"timestamp":"2023-12-21T08:37:23.774Z"}
info: Server started at http://localhost:3000/api/v1/ {"timestamp":"2023-12-21T08:42:53.404Z"}
info: Connected to the database. {"timestamp":"2023-12-21T08:42:53.420Z"}
info: Server started at http://localhost:3000/api/v1/ {"timestamp":"2023-12-21T08:49:57.363Z"}
info: Connected to the database. {"timestamp":"2023-12-21T08:49:57.376Z"}
info: Server started at http://localhost:3000/api/v1/ {"timestamp":"2023-12-21T08:51:48.339Z"}
info: Connected to the database. {"timestamp":"2023-12-21T08:51:48.353Z"}
info: Server started at http://localhost:3000/api/v1/ {"timestamp":"2023-12-21T08:52:57.099Z"}
info: Connected to the database. {"timestamp":"2023-12-21T08:52:57.114Z"}
info: Server started at http://localhost:3000/api/v1/ {"timestamp":"2023-12-21T09:07:12.336Z"}
info: Connected to the database. {"timestamp":"2023-12-21T09:07:12.349Z"}
info: Server started at http://localhost:3000/api/v1/ {"timestamp":"2023-12-21T09:08:54.165Z"}
info: Connected to the database. {"timestamp":"2023-12-21T09:08:54.181Z"}
info: Server started at http://localhost:3000/api/v1/ {"timestamp":"2023-12-21T09:09:00.845Z"}
info: Connected to the database. {"timestamp":"2023-12-21T09:09:00.859Z"}
info: Server started at http://localhost:3000/api/v1/ {"timestamp":"2023-12-21T09:09:10.135Z"}
info: Connected to the database. {"timestamp":"2023-12-21T09:09:10.148Z"}
info: Server started at http://localhost:3000/api/v1/ {"timestamp":"2023-12-21T09:09:45.379Z"}
info: Connected to the database. {"timestamp":"2023-12-21T09:09:45.393Z"}
info: Server started at http://localhost:3000/api/v1/ {"timestamp":"2023-12-21T09:10:50.340Z"}
info: Connected to the database. {"timestamp":"2023-12-21T09:10:50.355Z"}
info: Server started at http://localhost:3000/api/v1/ {"timestamp":"2023-12-21T09:10:56.355Z"}
info: Connected to the database. {"timestamp":"2023-12-21T09:10:56.372Z"}
info: Server started at http://localhost:3000/api/v1/ {"timestamp":"2023-12-21T09:13:21.578Z"}
info: Connected to the database. {"timestamp":"2023-12-21T09:13:21.597Z"}
info: Server started at http://localhost:3000/api/v1/ {"timestamp":"2023-12-21T09:14:52.199Z"}
info: Connected to the database. {"timestamp":"2023-12-21T09:14:52.215Z"}
info: Server started at http://localhost:3000/api/v1/ {"timestamp":"2023-12-21T09:15:10.668Z"}
info: Connected to the database. {"timestamp":"2023-12-21T09:15:10.685Z"}
info: Server started at http://localhost:3000/api/v1/ {"timestamp":"2023-12-21T09:15:20.371Z"}
info: Connected to the database. {"timestamp":"2023-12-21T09:15:20.388Z"}
info: Server started at http://localhost:3000/api/v1/ {"timestamp":"2023-12-21T09:15:29.615Z"}
info: Connected to the database. {"timestamp":"2023-12-21T09:15:29.635Z"}
