error: uncaughtException: listen EADDRINUSE: address already in use :::3000
Error: listen EADDRINUSE: address already in use :::3000
    at Server.setupListenHandle [as _listen2] (node:net:1372:16)
    at listenInCluster (node:net:1420:12)
    at Server.listen (node:net:1508:7)
    at Function.listen (C:\Users\Kirana N\WORKSPACE\FundooProject\node_modules\express\lib\application.js:635:24)
    at Object.<anonymous> (C:\Users\Kirana N\WORKSPACE\FundooProject\src\/index.js:37:5)
    at Module._compile (node:internal/modules/cjs/loader:1105:14)
    at Module._compile (C:\Users\Kirana N\WORKSPACE\FundooProject\node_modules\pirates\lib\index.js:117:24)
    at Module._extensions..js (node:internal/modules/cjs/loader:1159:10)
    at Object.newLoader [as .js] (C:\Users\Kirana N\WORKSPACE\FundooProject\node_modules\pirates\lib\index.js:121:7)
    at Module.load (node:internal/modules/cjs/loader:981:32)
    at Function.Module._load (node:internal/modules/cjs/loader:822:12)
    at Function.runMain (node:internal/modules/run_main:77:12)
    at Object.<anonymous> (C:\Users\Kirana N\WORKSPACE\FundooProject\node_modules\@babel\node\src\_babel-node.ts:222:12)
    at Module._compile (node:internal/modules/cjs/loader:1105:14)
    at Object.Module._extensions..js (node:internal/modules/cjs/loader:1159:10)
    at Module.load (node:internal/modules/cjs/loader:981:32)
    at Function.Module._load (node:internal/modules/cjs/loader:822:12)
    at Function.executeUserEntryPoint [as runMain] (node:internal/modules/run_main:77:12)
    at node:internal/main/run_main_module:17:47 {"date":"Thu Dec 21 2023 12:13:16 GMT+0530 (India Standard Time)","error":{"address":"::","code":"EADDRINUSE","errno":-4091,"port":3000,"syscall":"listen"},"exception":true,"os":{"loadavg":[0,0,0],"uptime":527178},"process":{"argv":["node","C:\\Users\\Kirana N\\WORKSPACE\\FundooProject\\src\\index.js"],"cwd":"C:\\Users\\Kirana N\\WORKSPACE\\FundooProject","execPath":"C:\\Program Files\\nodejs\\node.exe","gid":null,"memoryUsage":{"arrayBuffers":18572208,"external":23746928,"heapTotal":83927040,"heapUsed":49475480,"rss":118972416},"pid":39288,"uid":null,"version":"v16.15.0"},"stack":"Error: listen EADDRINUSE: address already in use :::3000\n    at Server.setupListenHandle [as _listen2] (node:net:1372:16)\n    at listenInCluster (node:net:1420:12)\n    at Server.listen (node:net:1508:7)\n    at Function.listen (C:\\Users\\Kirana N\\WORKSPACE\\FundooProject\\node_modules\\express\\lib\\application.js:635:24)\n    at Object.<anonymous> (C:\\Users\\Kirana N\\WORKSPACE\\FundooProject\\src\\/index.js:37:5)\n    at Module._compile (node:internal/modules/cjs/loader:1105:14)\n    at Module._compile (C:\\Users\\Kirana N\\WORKSPACE\\FundooProject\\node_modules\\pirates\\lib\\index.js:117:24)\n    at Module._extensions..js (node:internal/modules/cjs/loader:1159:10)\n    at Object.newLoader [as .js] (C:\\Users\\Kirana N\\WORKSPACE\\FundooProject\\node_modules\\pirates\\lib\\index.js:121:7)\n    at Module.load (node:internal/modules/cjs/loader:981:32)\n    at Function.Module._load (node:internal/modules/cjs/loader:822:12)\n    at Function.runMain (node:internal/modules/run_main:77:12)\n    at Object.<anonymous> (C:\\Users\\Kirana N\\WORKSPACE\\FundooProject\\node_modules\\@babel\\node\\src\\_babel-node.ts:222:12)\n    at Module._compile (node:internal/modules/cjs/loader:1105:14)\n    at Object.Module._extensions..js (node:internal/modules/cjs/loader:1159:10)\n    at Module.load (node:internal/modules/cjs/loader:981:32)\n    at Function.Module._load (node:internal/modules/cjs/loader:822:12)\n    at Function.executeUserEntryPoint [as runMain] (node:internal/modules/run_main:77:12)\n    at node:internal/main/run_main_module:17:47","trace":[{"column":16,"file":"node:net","function":"Server.setupListenHandle [as _listen2]","line":1372,"method":"setupListenHandle [as _listen2]","native":false},{"column":12,"file":"node:net","function":"listenInCluster","line":1420,"method":null,"native":false},{"column":7,"file":"node:net","function":"Server.listen","line":1508,"method":"listen","native":false},{"column":24,"file":"C:\\Users\\Kirana N\\WORKSPACE\\FundooProject\\node_modules\\express\\lib\\application.js","function":"Function.listen","line":635,"method":"listen","native":false},{"column":5,"file":"C:\\Users\\Kirana N\\WORKSPACE\\FundooProject\\src\\/index.js","function":null,"line":37,"method":null,"native":false},{"column":14,"file":"node:internal/modules/cjs/loader","function":"Module._compile","line":1105,"method":"_compile","native":false},{"column":24,"file":"C:\\Users\\Kirana N\\WORKSPACE\\FundooProject\\node_modules\\pirates\\lib\\index.js","function":"Module._compile","line":117,"method":"_compile","native":false},{"column":10,"file":"node:internal/modules/cjs/loader","function":"Module._extensions..js","line":1159,"method":".js","native":false},{"column":7,"file":"C:\\Users\\Kirana N\\WORKSPACE\\FundooProject\\node_modules\\pirates\\lib\\index.js","function":"Object.newLoader [as .js]","line":121,"method":"js]","native":false},{"column":32,"file":"node:internal/modules/cjs/loader","function":"Module.load","line":981,"method":"load","native":false},{"column":12,"file":"node:internal/modules/cjs/loader","function":"Module._load","line":822,"method":"_load","native":false},{"column":12,"file":"node:internal/modules/run_main","function":"Function.runMain","line":77,"method":"runMain","native":false},{"column":12,"file":"C:\\Users\\Kirana N\\WORKSPACE\\FundooProject\\node_modules\\@babel\\node\\src\\_babel-node.ts","function":null,"line":222,"method":null,"native":false},{"column":14,"file":"node:internal/modules/cjs/loader","function":"Module._compile","line":1105,"method":"_compile","native":false},{"column":10,"file":"node:internal/modules/cjs/loader","function":"Module._extensions..js","line":1159,"method":".js","native":false},{"column":32,"file":"node:internal/modules/cjs/loader","function":"Module.load","line":981,"method":"load","native":false},{"column":12,"file":"node:internal/modules/cjs/loader","function":"Module._load","line":822,"method":"_load","native":false},{"column":12,"file":"node:internal/modules/run_main","function":"Function.executeUserEntryPoint [as runMain]","line":77,"method":"executeUserEntryPoint [as runMain]","native":false},{"column":47,"file":"node:internal/main/run_main_module","function":null,"line":17,"method":null,"native":false}]}
info: ::1 - - [21/Dec/2023:06:50:20 +0000] "POST /api/v1/user/signup HTTP/1.1" 400 43 "-" "PostmanRuntime/7.36.0"

info: ::1 - - [21/Dec/2023:06:50:27 +0000] "POST /api/v1/user/signup HTTP/1.1" 201 238 "-" "PostmanRuntime/7.36.0"

info: ::1 - - [21/Dec/2023:06:50:48 +0000] "POST /api/v1/user/login HTTP/1.1" 201 97 "-" "PostmanRuntime/7.36.0"

info: ::1 - - [21/Dec/2023:06:57:31 +0000] "POST /api/v1/user/login HTTP/1.1" 201 97 "-" "PostmanRuntime/7.36.0"

info: ::1 - - [21/Dec/2023:06:57:35 +0000] "POST /api/v1/user/login HTTP/1.1" 400 39 "-" "PostmanRuntime/7.36.0"

info: ::1 - - [21/Dec/2023:06:57:42 +0000] "POST /api/v1/user/login HTTP/1.1" 400 43 "-" "PostmanRuntime/7.36.0"

info: ::1 - - [21/Dec/2023:07:07:44 +0000] "POST /api/v1/user/signup HTTP/1.1" 400 43 "-" "PostmanRuntime/7.36.0"

info: ::1 - - [21/Dec/2023:07:08:36 +0000] "POST /api/v1/user/signup HTTP/1.1" 400 43 "-" "PostmanRuntime/7.36.0"

info: ::1 - - [21/Dec/2023:07:08:38 +0000] "POST /api/v1/user/signup HTTP/1.1" 400 43 "-" "PostmanRuntime/7.36.0"

info: ::1 - - [21/Dec/2023:07:09:25 +0000] "POST /api/v1/user/signup HTTP/1.1" 400 43 "-" "PostmanRuntime/7.36.0"

info: ::1 - - [21/Dec/2023:07:11:35 +0000] "POST /api/v1/user/signup HTTP/1.1" 201 305 "-" "PostmanRuntime/7.36.0"

info: ::1 - - [21/Dec/2023:07:16:43 +0000] "POST /api/v1/user/login HTTP/1.1" 201 109 "-" "PostmanRuntime/7.36.0"

info: ::1 - - [21/Dec/2023:07:21:42 +0000] "POST /api/v1/user/signup HTTP/1.1" 201 300 "-" "PostmanRuntime/7.36.0"

info: ::1 - - [21/Dec/2023:07:21:48 +0000] "POST /api/v1/user/signup HTTP/1.1" 400 43 "-" "PostmanRuntime/7.36.0"

info: ::1 - - [21/Dec/2023:07:21:57 +0000] "POST /api/v1/user/login HTTP/1.1" 201 104 "-" "PostmanRuntime/7.36.0"

info: ::1 - - [21/Dec/2023:08:13:04 +0000] "POST /api/v1/user/signup HTTP/1.1" 201 302 "-" "PostmanRuntime/7.36.0"

info: ::1 - - [21/Dec/2023:08:14:48 +0000] "POST /api/v1/user/login HTTP/1.1" 201 106 "-" "PostmanRuntime/7.36.0"

info: ::1 - - [21/Dec/2023:08:14:53 +0000] "POST /api/v1/user/login HTTP/1.1" 400 76 "-" "PostmanRuntime/7.36.0"

info: ::1 - - [21/Dec/2023:08:15:08 +0000] "POST /api/v1/user/login HTTP/1.1" 201 106 "-" "PostmanRuntime/7.36.0"

info: ::1 - - [21/Dec/2023:08:15:13 +0000] "POST /api/v1/user/login HTTP/1.1" 400 43 "-" "PostmanRuntime/7.36.0"

info: ::1 - - [21/Dec/2023:08:15:52 +0000] "POST /api/v1/user/login HTTP/1.1" 400 39 "-" "PostmanRuntime/7.36.0"

info: ::1 - - [21/Dec/2023:08:15:57 +0000] "POST /api/v1/user/login HTTP/1.1" 201 106 "-" "PostmanRuntime/7.36.0"

info: ::1 - - [21/Dec/2023:08:16:01 +0000] "POST /api/v1/user/login HTTP/1.1" 400 43 "-" "PostmanRuntime/7.36.0"

info: ::1 - - [21/Dec/2023:08:16:08 +0000] "POST /api/v1/user/login HTTP/1.1" 400 43 "-" "PostmanRuntime/7.36.0"

info: ::1 - - [21/Dec/2023:08:16:14 +0000] "POST /api/v1/user/login HTTP/1.1" 201 106 "-" "PostmanRuntime/7.36.0"

info: ::1 - - [21/Dec/2023:08:30:34 +0000] "POST /api/v1/user/login HTTP/1.1" 201 106 "-" "PostmanRuntime/7.36.0"

info: ::1 - - [21/Dec/2023:08:30:39 +0000] "POST /api/v1/user/login HTTP/1.1" 400 43 "-" "PostmanRuntime/7.36.0"

info: ::1 - - [21/Dec/2023:08:30:46 +0000] "POST /api/v1/user/login HTTP/1.1" 201 106 "-" "PostmanRuntime/7.36.0"

info: ::1 - - [21/Dec/2023:08:30:51 +0000] "POST /api/v1/user/login HTTP/1.1" 400 39 "-" "PostmanRuntime/7.36.0"

info: ::1 - - [21/Dec/2023:08:30:58 +0000] "POST /api/v1/user/login HTTP/1.1" 201 106 "-" "PostmanRuntime/7.36.0"

info: ::1 - - [21/Dec/2023:08:34:17 +0000] "POST /api/v1/user/signup HTTP/1.1" 201 295 "-" "PostmanRuntime/7.36.0"

info: ::1 - - [21/Dec/2023:08:34:49 +0000] "POST /api/v1/user/login HTTP/1.1" 201 99 "-" "PostmanRuntime/7.36.0"

info: ::1 - - [21/Dec/2023:08:50:35 +0000] "POST /api/v1/user/signup HTTP/1.1" - - "-" "PostmanRuntime/7.36.0"

info: ::1 - - [21/Dec/2023:08:50:36 +0000] "POST /api/v1/user/signup HTTP/1.1" - - "-" "PostmanRuntime/7.36.0"

info: ::1 - - [21/Dec/2023:08:50:40 +0000] "POST /api/v1/user/signup HTTP/1.1" - - "-" "PostmanRuntime/7.36.0"

info: ::1 - - [21/Dec/2023:08:52:45 +0000] "POST /api/v1/user/signup HTTP/1.1" - - "-" "PostmanRuntime/7.36.0"

info: ::1 - - [21/Dec/2023:08:53:00 +0000] "POST /api/v1/user/signup HTTP/1.1" 201 295 "-" "PostmanRuntime/7.36.0"

info: ::1 - - [21/Dec/2023:08:53:17 +0000] "POST /api/v1/user/login HTTP/1.1" 201 99 "-" "PostmanRuntime/7.36.0"

info: ::1 - - [21/Dec/2023:09:07:15 +0000] "POST /api/v1/user/signup HTTP/1.1" 201 524 "-" "PostmanRuntime/7.36.0"

info: ::1 - - [21/Dec/2023:09:09:25 +0000] "POST /api/v1/user/login HTTP/1.1" 201 95 "-" "PostmanRuntime/7.36.0"

info: ::1 - - [21/Dec/2023:09:09:53 +0000] "POST /api/v1/user/login HTTP/1.1" 201 507 "-" "PostmanRuntime/7.36.0"

info: ::1 - - [21/Dec/2023:09:13:28 +0000] "POST /api/v1/user/login HTTP/1.1" 201 485 "-" "PostmanRuntime/7.36.0"

info: ::1 - - [21/Dec/2023:09:13:31 +0000] "POST /api/v1/user/login HTTP/1.1" 201 485 "-" "PostmanRuntime/7.36.0"

info: ::1 - - [21/Dec/2023:09:13:32 +0000] "POST /api/v1/user/login HTTP/1.1" 201 485 "-" "PostmanRuntime/7.36.0"

info: ::1 - - [21/Dec/2023:09:13:33 +0000] "POST /api/v1/user/login HTTP/1.1" 201 485 "-" "PostmanRuntime/7.36.0"

info: ::1 - - [21/Dec/2023:09:13:34 +0000] "POST /api/v1/user/login HTTP/1.1" 201 485 "-" "PostmanRuntime/7.36.0"

info: ::1 - - [21/Dec/2023:09:15:33 +0000] "POST /api/v1/user/login HTTP/1.1" 201 95 "-" "PostmanRuntime/7.36.0"

info: ::1 - - [21/Dec/2023:09:16:09 +0000] "POST /api/v1/user/signup HTTP/1.1" 201 291 "-" "PostmanRuntime/7.36.0"

info: ::1 - - [21/Dec/2023:09:16:16 +0000] "POST /api/v1/user/signup HTTP/1.1" 400 43 "-" "PostmanRuntime/7.36.0"

info: ::1 - - [21/Dec/2023:09:16:47 +0000] "POST /api/v1/user/login HTTP/1.1" 201 95 "-" "PostmanRuntime/7.36.0"

info: ::1 - - [21/Dec/2023:09:16:55 +0000] "POST /api/v1/user/login HTTP/1.1" 400 43 "-" "PostmanRuntime/7.36.0"

info: ::1 - - [21/Dec/2023:09:17:01 +0000] "POST /api/v1/user/login HTTP/1.1" 400 39 "-" "PostmanRuntime/7.36.0"

